[03:29:29] This is prokka 1.15.6
[03:29:29] Written by Torsten Seemann <torsten.seemann@gmail.com>
[03:29:29] Homepage is https://github.com/tseemann/prokka
[03:29:29] Local time is Mon Jan  5 03:29:29 2026
[03:29:29] You are not telling me who you are!
[03:29:29] Operating system is linux
[03:29:29] You have BioPerl 1.7.8
[03:29:29] System has 12 cores.
[03:29:29] Will use maximum of 8 cores.
[03:29:29] Annotating as >>> Bacteria <<<
[03:29:29] Generating locus_tag from '/workspace/jobs/job_1767583730/output/shovill/contigs.fa' contents.
[03:29:29] Setting --locustag AKOHPCLC from MD5 a4819c5c0fa3cd62d437f878d93c8bfa
[03:29:29] Creating new output folder: /workspace/jobs/job_1767583730/output/prokka
[03:29:29] Running: mkdir -p \/workspace\/jobs\/job_1767583730\/output\/prokka
[03:29:29] Using filename prefix: genome.XXX
[03:29:29] Setting HMMER_NCPU=1
[03:29:29] Writing log to: /workspace/jobs/job_1767583730/output/prokka/genome.log
[03:29:29] Command: /prokka-1.15.6/bin/prokka --outdir /workspace/jobs/job_1767583730/output/prokka --force --prefix genome /workspace/jobs/job_1767583730/output/shovill/contigs.fa
[03:29:29] Looking for 'aragorn' - found /usr/bin/aragorn
[03:29:29] Determined aragorn version is v1.2 from 'ARAGORN v1.2.41 Dean Laslett'
[03:29:29] Looking for 'barrnap' - found /usr/bin/barrnap
[03:29:29] Determined barrnap version is v0.9 from 'barrnap 0.9'
[03:29:29] Looking for 'blastp' - found /usr/bin/blastp
[03:29:29] Determined blastp version is v2.12 from 'blastp: 2.12.0+'
[03:29:29] Looking for 'cmpress' - found /usr/bin/cmpress
[03:29:29] Determined cmpress version is v1.1 from '# INFERNAL 1.1.5 (Sep 2023)'
[03:29:29] Looking for 'cmscan' - found /usr/bin/cmscan
[03:29:29] Determined cmscan version is v1.1 from '# INFERNAL 1.1.5 (Sep 2023)'
[03:29:29] Looking for 'egrep' - found /usr/bin/egrep
[03:29:29] Looking for 'find' - found /usr/bin/find
[03:29:29] Looking for 'grep' - found /usr/bin/grep
[03:29:29] Looking for 'hmmpress' - found /usr/bin/hmmpress
[03:29:29] Determined hmmpress version is v3.4 from '# HMMER 3.4 (Aug 2023); http://hmmer.org/'
[03:29:29] Looking for 'hmmscan' - found /usr/bin/hmmscan
[03:29:29] Determined hmmscan version is v3.4 from '# HMMER 3.4 (Aug 2023); http://hmmer.org/'
[03:29:29] Looking for 'java' - found /usr/bin/java
[03:29:29] Looking for 'makeblastdb' - found /usr/bin/makeblastdb
[03:29:29] Determined makeblastdb version is v2.12 from 'makeblastdb: 2.12.0+'
[03:29:29] Looking for 'minced' - found /usr/local/bin/minced
[03:29:29] Determined minced version is v4.2 from 'minced 0.4.2'
[03:29:29] Looking for 'parallel' - found /usr/bin/parallel
[03:29:29] Determined parallel version is 20231122 from 'GNU parallel 20231122'
[03:29:29] Looking for 'prodigal' - found /usr/bin/prodigal
[03:29:29] Determined prodigal version is v2.6 from 'Prodigal V2.6.3: February, 2016'
[03:29:29] Looking for 'prokka-genbank_to_fasta_db' - found /prokka-1.15.6/bin/prokka-genbank_to_fasta_db
[03:29:29] Looking for 'sed' - found /usr/bin/sed
[03:29:29] Looking for 'tbl2asn' - found /usr/bin/tbl2asn
[03:29:29] Determined tbl2asn version is v25.3 from 'tbl2asn 25.3   arguments:'
[03:29:29] Using genetic code table 11.
[03:29:29] Loading and checking input file: /workspace/jobs/job_1767583730/output/shovill/contigs.fa
[03:29:29] Wrote 40 contigs totalling 172670 bp.
[03:29:29] Predicting tRNAs and tmRNAs
[03:29:29] Running: aragorn -l -gc11  -w \/workspace\/jobs\/job_1767583730\/output\/prokka\/genome\.fna
[03:29:29] Found 0 tRNAs
[03:29:29] Predicting Ribosomal RNAs
[03:29:29] Running Barrnap with 8 threads
[03:29:29] Found 0 rRNAs
[03:29:29] Skipping ncRNA search, enable with --rfam if desired.
[03:29:29] Total of 0 tRNA + rRNA features
[03:29:29] Searching for CRISPR repeats
[03:29:30] Found 0 CRISPRs
[03:29:30] Predicting coding sequences
[03:29:30] Contigs total 172670 bp, so using single mode
[03:29:30] Running: prodigal -i \/workspace\/jobs\/job_1767583730\/output\/prokka\/genome\.fna -c -m -g 11 -p single -f sco -q
[03:29:30] Found 142 CDS
[03:29:30] Connecting features back to sequences
[03:29:30] Not using genus-specific database. Try --usegenus to enable it.
[03:29:30] Annotating CDS, please be patient.
[03:29:30] Will use 8 CPUs for similarity searching.
[03:29:30] There are still 142 unannotated CDS left (started with 142)
[03:29:30] Will use blast to search against /prokka-1.15.6/db/kingdom/Bacteria/IS with 8 CPUs
[03:29:30] Running: cat \/workspace\/jobs\/job_1767583730\/output\/prokka\/genome\.IS\.tmp\.1\.faa | parallel --gnu --plain -j 8 --block 3015 --recstart '>' --pipe blastp -query - -db /prokka-1.15.6/db/kingdom/Bacteria/IS -evalue 1e-30 -qcov_hsp_perc 90 -num_threads 1 -num_descriptions 1 -num_alignments 1 -seg no > \/workspace\/jobs\/job_1767583730\/output\/prokka\/genome\.IS\.tmp\.1\.blast 2> /dev/null
[03:29:31] Deleting unwanted file: /workspace/jobs/job_1767583730/output/prokka/genome.IS.tmp.1.faa
[03:29:31] Deleting unwanted file: /workspace/jobs/job_1767583730/output/prokka/genome.IS.tmp.1.blast
[03:29:31] There are still 136 unannotated CDS left (started with 142)
[03:29:31] Will use blast to search against /prokka-1.15.6/db/kingdom/Bacteria/AMR with 8 CPUs
[03:29:31] Running: cat \/workspace\/jobs\/job_1767583730\/output\/prokka\/genome\.AMR\.tmp\.1\.faa | parallel --gnu --plain -j 8 --block 2928 --recstart '>' --pipe blastp -query - -db /prokka-1.15.6/db/kingdom/Bacteria/AMR -evalue 1e-300 -qcov_hsp_perc 90 -num_threads 1 -num_descriptions 1 -num_alignments 1 -seg no > \/workspace\/jobs\/job_1767583730\/output\/prokka\/genome\.AMR\.tmp\.1\.blast 2> /dev/null
[03:29:32] Deleting unwanted file: /workspace/jobs/job_1767583730/output/prokka/genome.AMR.tmp.1.faa
[03:29:32] Deleting unwanted file: /workspace/jobs/job_1767583730/output/prokka/genome.AMR.tmp.1.blast
[03:29:32] There are still 136 unannotated CDS left (started with 142)
[03:29:32] Will use blast to search against /prokka-1.15.6/db/kingdom/Bacteria/sprot with 8 CPUs
[03:29:32] Running: cat \/workspace\/jobs\/job_1767583730\/output\/prokka\/genome\.sprot\.tmp\.1\.faa | parallel --gnu --plain -j 8 --block 2928 --recstart '>' --pipe blastp -query - -db /prokka-1.15.6/db/kingdom/Bacteria/sprot -evalue 1e-09 -qcov_hsp_perc 80 -num_threads 1 -num_descriptions 1 -num_alignments 1 -seg no > \/workspace\/jobs\/job_1767583730\/output\/prokka\/genome\.sprot\.tmp\.1\.blast 2> /dev/null
[03:29:34] Modify product: Probable subtilase-type serine protease DR_A0283 => putative subtilase-type serine protease
[03:29:34] Modify product: Uncharacterized protein DR_A0282 => putative protein
[03:29:34] Modify product: Uncharacterized ABC transporter ATP-binding protein Rv0986 => putative ABC transporter ATP-binding protein
[03:29:34] Modify product: UPF0053 inner membrane protein YgdQ => hypothetical protein
[03:29:34] Modify product: UPF0053 protein Rv1842c => hypothetical protein
[03:29:34] Modify product: UPF0053 protein Rv1842c => hypothetical protein
[03:29:34] Modify product: Probable siderophore transport system permease protein YfiZ => putative siderophore transport system permease protein YfiZ
[03:29:34] Modify product: Probable siderophore transport system permease protein YfhA => putative siderophore transport system permease protein YfhA
[03:29:34] Modify product: Probable siderophore transport system ATP-binding protein YusV => putative siderophore transport system ATP-binding protein YusV
[03:29:34] Cleaned 9 /product names
[03:29:34] Deleting unwanted file: /workspace/jobs/job_1767583730/output/prokka/genome.sprot.tmp.1.faa
[03:29:34] Deleting unwanted file: /workspace/jobs/job_1767583730/output/prokka/genome.sprot.tmp.1.blast
[03:29:35] There are still 90 unannotated CDS left (started with 142)
[03:29:35] Will use hmmer3 to search against /prokka-1.15.6/db/hmm/HAMAP.hmm with 8 CPUs
[03:29:35] Running: cat \/workspace\/jobs\/job_1767583730\/output\/prokka\/genome\.HAMAP\.hmm\.tmp\.1\.faa | parallel --gnu --plain -j 8 --block 1950 --recstart '>' --pipe hmmscan --noali --notextw --acc -E 1e-09 --cpu 1 /prokka-1.15.6/db/hmm/HAMAP.hmm /dev/stdin > \/workspace\/jobs\/job_1767583730\/output\/prokka\/genome\.HAMAP\.hmm\.tmp\.1\.hmmer3 2> /dev/null
[03:29:36] Deleting unwanted file: /workspace/jobs/job_1767583730/output/prokka/genome.HAMAP.hmm.tmp.1.faa
[03:29:36] Deleting unwanted file: /workspace/jobs/job_1767583730/output/prokka/genome.HAMAP.hmm.tmp.1.hmmer3
[03:29:36] Labelling remaining 75 proteins as 'hypothetical protein'
[03:29:36] Possible /pseudo 'Sensor histidine kinase RcsC' at contig00002 position 34317
[03:29:36] Possible /pseudo 'IS630 family transposase ISDra3' at contig00003 position 12461
[03:29:36] Found 49 unique /gene codes.
[03:29:36] Fixed 2 duplicate /gene - rcsC_1 rcsC_2
[03:29:36] Fixed 2 duplicate /gene - noc_1 noc_2
[03:29:36] Fixed 2 duplicate /gene - sasA_1 sasA_2
[03:29:36] Fixed 3 colliding /gene names.
[03:29:36] Adding /locus_tag identifiers
[03:29:36] Assigned 142 locus_tags to CDS and RNA features.
[03:29:36] Writing outputs to /workspace/jobs/job_1767583730/output/prokka/
[03:29:36] Generating annotation statistics file
[03:29:36] Generating Genbank and Sequin files
[03:29:36] Running: tbl2asn -V b -a r10k -l paired-ends -M n -N 1 -y 'Annotated using prokka 1.15.6 from https://github.com/tseemann/prokka' -Z \/workspace\/jobs\/job_1767583730\/output\/prokka\/genome\.err -i \/workspace\/jobs\/job_1767583730\/output\/prokka\/genome\.fsa 2> /dev/null
[03:29:37] Deleting unwanted file: /workspace/jobs/job_1767583730/output/prokka/errorsummary.val
[03:29:37] Deleting unwanted file: /workspace/jobs/job_1767583730/output/prokka/genome.dr
[03:29:37] Deleting unwanted file: /workspace/jobs/job_1767583730/output/prokka/genome.fixedproducts
[03:29:37] Deleting unwanted file: /workspace/jobs/job_1767583730/output/prokka/genome.ecn
[03:29:37] Deleting unwanted file: /workspace/jobs/job_1767583730/output/prokka/genome.val
[03:29:37] Repairing broken .GBK output that tbl2asn produces...
[03:29:37] Running: sed 's/COORDINATES: profile/COORDINATES:profile/' < \/workspace\/jobs\/job_1767583730\/output\/prokka\/genome\.gbf > \/workspace\/jobs\/job_1767583730\/output\/prokka\/genome\.gbk
[03:29:37] Deleting unwanted file: /workspace/jobs/job_1767583730/output/prokka/genome.gbf
[03:29:37] Output files:
[03:29:37] /workspace/jobs/job_1767583730/output/prokka/genome.ffn
[03:29:37] /workspace/jobs/job_1767583730/output/prokka/genome.tbl
[03:29:37] /workspace/jobs/job_1767583730/output/prokka/genome.err
[03:29:37] /workspace/jobs/job_1767583730/output/prokka/genome.sqn
[03:29:37] /workspace/jobs/job_1767583730/output/prokka/genome.fsa
[03:29:37] /workspace/jobs/job_1767583730/output/prokka/genome.gbk
[03:29:37] /workspace/jobs/job_1767583730/output/prokka/genome.faa
[03:29:37] /workspace/jobs/job_1767583730/output/prokka/genome.log
[03:29:37] /workspace/jobs/job_1767583730/output/prokka/genome.gff
[03:29:37] /workspace/jobs/job_1767583730/output/prokka/genome.fna
[03:29:37] /workspace/jobs/job_1767583730/output/prokka/genome.txt
[03:29:37] /workspace/jobs/job_1767583730/output/prokka/genome.tsv
[03:29:37] Annotation finished successfully.
[03:29:37] Walltime used: 0.13 minutes
[03:29:37] If you use this result please cite the Prokka paper:
[03:29:37] Seemann T (2014) Prokka: rapid prokaryotic genome annotation. Bioinformatics. 30(14):2068-9.
[03:29:37] Type 'prokka --citation' for more details.
[03:29:37] Thank you, come again.
