[00:30:55] This is prokka 1.15.6
[00:30:55] Written by Torsten Seemann <torsten.seemann@gmail.com>
[00:30:55] Homepage is https://github.com/tseemann/prokka
[00:30:55] Local time is Tue Jan  6 00:30:55 2026
[00:30:55] You are not telling me who you are!
[00:30:55] Operating system is linux
[00:30:55] You have BioPerl 1.7.8
[00:30:55] System has 12 cores.
[00:30:55] Will use maximum of 8 cores.
[00:30:55] Annotating as >>> Bacteria <<<
[00:30:55] Generating locus_tag from '/workspace/jobs/job_1767659413/output/shovill/contigs.fa' contents.
[00:30:55] Setting --locustag GBABODNE from MD5 0bab8d7e01a8aab06c5bcaeb5a6c361f
[00:30:55] Creating new output folder: /workspace/jobs/job_1767659413/output/prokka
[00:30:55] Running: mkdir -p \/workspace\/jobs\/job_1767659413\/output\/prokka
[00:30:55] Using filename prefix: genome.XXX
[00:30:55] Setting HMMER_NCPU=1
[00:30:55] Writing log to: /workspace/jobs/job_1767659413/output/prokka/genome.log
[00:30:55] Command: /prokka-1.15.6/bin/prokka --outdir /workspace/jobs/job_1767659413/output/prokka --force --prefix genome /workspace/jobs/job_1767659413/output/shovill/contigs.fa
[00:30:55] Looking for 'aragorn' - found /usr/bin/aragorn
[00:30:55] Determined aragorn version is v1.2 from 'ARAGORN v1.2.41 Dean Laslett'
[00:30:55] Looking for 'barrnap' - found /usr/bin/barrnap
[00:30:55] Determined barrnap version is v0.9 from 'barrnap 0.9'
[00:30:55] Looking for 'blastp' - found /usr/bin/blastp
[00:30:56] Determined blastp version is v2.12 from 'blastp: 2.12.0+'
[00:30:56] Looking for 'cmpress' - found /usr/bin/cmpress
[00:30:56] Determined cmpress version is v1.1 from '# INFERNAL 1.1.5 (Sep 2023)'
[00:30:56] Looking for 'cmscan' - found /usr/bin/cmscan
[00:30:56] Determined cmscan version is v1.1 from '# INFERNAL 1.1.5 (Sep 2023)'
[00:30:56] Looking for 'egrep' - found /usr/bin/egrep
[00:30:56] Looking for 'find' - found /usr/bin/find
[00:30:56] Looking for 'grep' - found /usr/bin/grep
[00:30:56] Looking for 'hmmpress' - found /usr/bin/hmmpress
[00:30:56] Determined hmmpress version is v3.4 from '# HMMER 3.4 (Aug 2023); http://hmmer.org/'
[00:30:56] Looking for 'hmmscan' - found /usr/bin/hmmscan
[00:30:56] Determined hmmscan version is v3.4 from '# HMMER 3.4 (Aug 2023); http://hmmer.org/'
[00:30:56] Looking for 'java' - found /usr/bin/java
[00:30:56] Looking for 'makeblastdb' - found /usr/bin/makeblastdb
[00:30:56] Determined makeblastdb version is v2.12 from 'makeblastdb: 2.12.0+'
[00:30:56] Looking for 'minced' - found /usr/local/bin/minced
[00:30:56] Determined minced version is v4.2 from 'minced 0.4.2'
[00:30:56] Looking for 'parallel' - found /usr/bin/parallel
[00:30:56] Determined parallel version is 20231122 from 'GNU parallel 20231122'
[00:30:56] Looking for 'prodigal' - found /usr/bin/prodigal
[00:30:56] Determined prodigal version is v2.6 from 'Prodigal V2.6.3: February, 2016'
[00:30:56] Looking for 'prokka-genbank_to_fasta_db' - found /prokka-1.15.6/bin/prokka-genbank_to_fasta_db
[00:30:56] Looking for 'sed' - found /usr/bin/sed
[00:30:56] Looking for 'tbl2asn' - found /usr/bin/tbl2asn
[00:30:56] Determined tbl2asn version is v25.3 from 'tbl2asn 25.3   arguments:'
[00:30:56] Using genetic code table 11.
[00:30:56] Loading and checking input file: /workspace/jobs/job_1767659413/output/shovill/contigs.fa
[00:30:56] Wrote 40 contigs totalling 172670 bp.
[00:30:56] Predicting tRNAs and tmRNAs
[00:30:56] Running: aragorn -l -gc11  -w \/workspace\/jobs\/job_1767659413\/output\/prokka\/genome\.fna
[00:30:56] Found 0 tRNAs
[00:30:56] Predicting Ribosomal RNAs
[00:30:56] Running Barrnap with 8 threads
[00:30:56] Found 0 rRNAs
[00:30:56] Skipping ncRNA search, enable with --rfam if desired.
[00:30:56] Total of 0 tRNA + rRNA features
[00:30:56] Searching for CRISPR repeats
[00:30:56] Found 0 CRISPRs
[00:30:56] Predicting coding sequences
[00:30:56] Contigs total 172670 bp, so using single mode
[00:30:56] Running: prodigal -i \/workspace\/jobs\/job_1767659413\/output\/prokka\/genome\.fna -c -m -g 11 -p single -f sco -q
[00:30:56] Found 143 CDS
[00:30:56] Connecting features back to sequences
[00:30:56] Not using genus-specific database. Try --usegenus to enable it.
[00:30:56] Annotating CDS, please be patient.
[00:30:56] Will use 8 CPUs for similarity searching.
[00:30:57] There are still 143 unannotated CDS left (started with 143)
[00:30:57] Will use blast to search against /prokka-1.15.6/db/kingdom/Bacteria/IS with 8 CPUs
[00:30:57] Running: cat \/workspace\/jobs\/job_1767659413\/output\/prokka\/genome\.IS\.tmp\.1\.faa | parallel --gnu --plain -j 8 --block 3016 --recstart '>' --pipe blastp -query - -db /prokka-1.15.6/db/kingdom/Bacteria/IS -evalue 1e-30 -qcov_hsp_perc 90 -num_threads 1 -num_descriptions 1 -num_alignments 1 -seg no > \/workspace\/jobs\/job_1767659413\/output\/prokka\/genome\.IS\.tmp\.1\.blast 2> /dev/null
[00:30:58] Deleting unwanted file: /workspace/jobs/job_1767659413/output/prokka/genome.IS.tmp.1.faa
[00:30:58] Deleting unwanted file: /workspace/jobs/job_1767659413/output/prokka/genome.IS.tmp.1.blast
[00:30:58] There are still 137 unannotated CDS left (started with 143)
[00:30:58] Will use blast to search against /prokka-1.15.6/db/kingdom/Bacteria/AMR with 8 CPUs
[00:30:58] Running: cat \/workspace\/jobs\/job_1767659413\/output\/prokka\/genome\.AMR\.tmp\.1\.faa | parallel --gnu --plain -j 8 --block 2928 --recstart '>' --pipe blastp -query - -db /prokka-1.15.6/db/kingdom/Bacteria/AMR -evalue 1e-300 -qcov_hsp_perc 90 -num_threads 1 -num_descriptions 1 -num_alignments 1 -seg no > \/workspace\/jobs\/job_1767659413\/output\/prokka\/genome\.AMR\.tmp\.1\.blast 2> /dev/null
[00:30:59] Deleting unwanted file: /workspace/jobs/job_1767659413/output/prokka/genome.AMR.tmp.1.faa
[00:30:59] Deleting unwanted file: /workspace/jobs/job_1767659413/output/prokka/genome.AMR.tmp.1.blast
[00:30:59] There are still 137 unannotated CDS left (started with 143)
[00:30:59] Will use blast to search against /prokka-1.15.6/db/kingdom/Bacteria/sprot with 8 CPUs
[00:30:59] Running: cat \/workspace\/jobs\/job_1767659413\/output\/prokka\/genome\.sprot\.tmp\.1\.faa | parallel --gnu --plain -j 8 --block 2928 --recstart '>' --pipe blastp -query - -db /prokka-1.15.6/db/kingdom/Bacteria/sprot -evalue 1e-09 -qcov_hsp_perc 80 -num_threads 1 -num_descriptions 1 -num_alignments 1 -seg no > \/workspace\/jobs\/job_1767659413\/output\/prokka\/genome\.sprot\.tmp\.1\.blast 2> /dev/null
[00:31:01] Modify product: Probable subtilase-type serine protease DR_A0283 => putative subtilase-type serine protease
[00:31:01] Modify product: Uncharacterized protein DR_A0282 => putative protein
[00:31:01] Modify product: Uncharacterized ABC transporter ATP-binding protein Rv0986 => putative ABC transporter ATP-binding protein
[00:31:01] Modify product: UPF0053 inner membrane protein YgdQ => hypothetical protein
[00:31:01] Modify product: UPF0053 protein Rv1842c => hypothetical protein
[00:31:01] Modify product: UPF0053 protein Rv1842c => hypothetical protein
[00:31:01] Modify product: Probable siderophore transport system permease protein YfiZ => putative siderophore transport system permease protein YfiZ
[00:31:01] Modify product: Probable siderophore transport system permease protein YfhA => putative siderophore transport system permease protein YfhA
[00:31:01] Modify product: Probable siderophore transport system ATP-binding protein YusV => putative siderophore transport system ATP-binding protein YusV
[00:31:01] Cleaned 9 /product names
[00:31:01] Deleting unwanted file: /workspace/jobs/job_1767659413/output/prokka/genome.sprot.tmp.1.faa
[00:31:01] Deleting unwanted file: /workspace/jobs/job_1767659413/output/prokka/genome.sprot.tmp.1.blast
[00:31:01] There are still 91 unannotated CDS left (started with 143)
[00:31:01] Will use hmmer3 to search against /prokka-1.15.6/db/hmm/HAMAP.hmm with 8 CPUs
[00:31:01] Running: cat \/workspace\/jobs\/job_1767659413\/output\/prokka\/genome\.HAMAP\.hmm\.tmp\.1\.faa | parallel --gnu --plain -j 8 --block 1950 --recstart '>' --pipe hmmscan --noali --notextw --acc -E 1e-09 --cpu 1 /prokka-1.15.6/db/hmm/HAMAP.hmm /dev/stdin > \/workspace\/jobs\/job_1767659413\/output\/prokka\/genome\.HAMAP\.hmm\.tmp\.1\.hmmer3 2> /dev/null
[00:31:03] Deleting unwanted file: /workspace/jobs/job_1767659413/output/prokka/genome.HAMAP.hmm.tmp.1.faa
[00:31:03] Deleting unwanted file: /workspace/jobs/job_1767659413/output/prokka/genome.HAMAP.hmm.tmp.1.hmmer3
[00:31:03] Labelling remaining 76 proteins as 'hypothetical protein'
[00:31:03] Possible /pseudo 'Sensor histidine kinase RcsC' at contig00002 position 34317
[00:31:03] Possible /pseudo 'IS630 family transposase ISDra3' at contig00003 position 12461
[00:31:03] Found 49 unique /gene codes.
[00:31:03] Fixed 2 duplicate /gene - rcsC_1 rcsC_2
[00:31:03] Fixed 2 duplicate /gene - noc_1 noc_2
[00:31:03] Fixed 2 duplicate /gene - sasA_1 sasA_2
[00:31:03] Fixed 3 colliding /gene names.
[00:31:03] Adding /locus_tag identifiers
[00:31:03] Assigned 143 locus_tags to CDS and RNA features.
[00:31:03] Writing outputs to /workspace/jobs/job_1767659413/output/prokka/
[00:31:03] Generating annotation statistics file
[00:31:03] Generating Genbank and Sequin files
[00:31:03] Running: tbl2asn -V b -a r10k -l paired-ends -M n -N 1 -y 'Annotated using prokka 1.15.6 from https://github.com/tseemann/prokka' -Z \/workspace\/jobs\/job_1767659413\/output\/prokka\/genome\.err -i \/workspace\/jobs\/job_1767659413\/output\/prokka\/genome\.fsa 2> /dev/null
[00:31:03] Deleting unwanted file: /workspace/jobs/job_1767659413/output/prokka/errorsummary.val
[00:31:03] Deleting unwanted file: /workspace/jobs/job_1767659413/output/prokka/genome.dr
[00:31:03] Deleting unwanted file: /workspace/jobs/job_1767659413/output/prokka/genome.fixedproducts
[00:31:03] Deleting unwanted file: /workspace/jobs/job_1767659413/output/prokka/genome.ecn
[00:31:03] Deleting unwanted file: /workspace/jobs/job_1767659413/output/prokka/genome.val
[00:31:03] Repairing broken .GBK output that tbl2asn produces...
[00:31:03] Running: sed 's/COORDINATES: profile/COORDINATES:profile/' < \/workspace\/jobs\/job_1767659413\/output\/prokka\/genome\.gbf > \/workspace\/jobs\/job_1767659413\/output\/prokka\/genome\.gbk
[00:31:03] Deleting unwanted file: /workspace/jobs/job_1767659413/output/prokka/genome.gbf
[00:31:03] Output files:
[00:31:03] /workspace/jobs/job_1767659413/output/prokka/genome.ffn
[00:31:03] /workspace/jobs/job_1767659413/output/prokka/genome.tbl
[00:31:03] /workspace/jobs/job_1767659413/output/prokka/genome.err
[00:31:03] /workspace/jobs/job_1767659413/output/prokka/genome.sqn
[00:31:03] /workspace/jobs/job_1767659413/output/prokka/genome.fsa
[00:31:03] /workspace/jobs/job_1767659413/output/prokka/genome.gbk
[00:31:03] /workspace/jobs/job_1767659413/output/prokka/genome.faa
[00:31:03] /workspace/jobs/job_1767659413/output/prokka/genome.log
[00:31:03] /workspace/jobs/job_1767659413/output/prokka/genome.gff
[00:31:03] /workspace/jobs/job_1767659413/output/prokka/genome.fna
[00:31:03] /workspace/jobs/job_1767659413/output/prokka/genome.txt
[00:31:03] /workspace/jobs/job_1767659413/output/prokka/genome.tsv
[00:31:03] Annotation finished successfully.
[00:31:03] Walltime used: 0.13 minutes
[00:31:03] If you use this result please cite the Prokka paper:
[00:31:03] Seemann T (2014) Prokka: rapid prokaryotic genome annotation. Bioinformatics. 30(14):2068-9.
[00:31:03] Type 'prokka --citation' for more details.
[00:31:03] Thank you, come again.
