Discrepancy Report Results

Summary
FATAL: MISSING_PROTEIN_ID:61 proteins have invalid IDs.
DISC_SOURCE_QUALS_ASNDISC:strain (all present, all unique)
DISC_SOURCE_QUALS_ASNDISC:taxname (all present, all unique)
DISC_FEATURE_COUNT:CDS: 61 present
DISC_COUNT_NUCLEOTIDES:1 nucleotide Bioseqs are present
FEATURE_LOCATION_CONFLICT:61 features have inconsistent gene locations.
DISC_QUALITY_SCORES:Quality scores are missing on all sequences.
ONCALLER_COMMENT_PRESENT:1 comment descriptors were found (all same)
SHORT_PROT_SEQUENCES:1 protein sequences are shorter than 50 aa.
MISSING_GENOMEASSEMBLY_COMMENTS:1 bioseqs are missing GenomeAssembly structured comments
MOLTYPE_NOT_MRNA:1 molecule types are not set as mRNA.
TECHNIQUE_NOT_TSA:1 technique are not set as TSA
MISSING_STRUCTURED_COMMENT:1 sequences do not include structured comments.
MISSING_PROJECT:62 sequences do not include project.
DISC_INCONSISTENT_MOLINFO_TECH:Molinfo Technique Report (some missing, all same)


Detailed Report

FATAL: DiscRep_ALL:MISSING_PROTEIN_ID::61 proteins have invalid IDs.
/workspace/jobs/job_1767665699/output/prokka/genome:gi_9626243_ref_NC_001416.1__1 (length 181)
/workspace/jobs/job_1767665699/output/prokka/genome:gi_9626243_ref_NC_001416.1__2 (length 641)
/workspace/jobs/job_1767665699/output/prokka/genome:gi_9626243_ref_NC_001416.1__3 (length 68)
/workspace/jobs/job_1767665699/output/prokka/genome:gi_9626243_ref_NC_001416.1__4 (length 533)
/workspace/jobs/job_1767665699/output/prokka/genome:gi_9626243_ref_NC_001416.1__5 (length 439)
/workspace/jobs/job_1767665699/output/prokka/genome:gi_9626243_ref_NC_001416.1__6 (length 110)
/workspace/jobs/job_1767665699/output/prokka/genome:gi_9626243_ref_NC_001416.1__7 (length 341)
/workspace/jobs/job_1767665699/output/prokka/genome:gi_9626243_ref_NC_001416.1__8 (length 132)
/workspace/jobs/job_1767665699/output/prokka/genome:gi_9626243_ref_NC_001416.1__9 (length 117)
/workspace/jobs/job_1767665699/output/prokka/genome:gi_9626243_ref_NC_001416.1__10 (length 192)
/workspace/jobs/job_1767665699/output/prokka/genome:gi_9626243_ref_NC_001416.1__11 (length 131)
/workspace/jobs/job_1767665699/output/prokka/genome:gi_9626243_ref_NC_001416.1__12 (length 246)
/workspace/jobs/job_1767665699/output/prokka/genome:gi_9626243_ref_NC_001416.1__13 (length 140)
/workspace/jobs/job_1767665699/output/prokka/genome:gi_9626243_ref_NC_001416.1__14 (length 853)
/workspace/jobs/job_1767665699/output/prokka/genome:gi_9626243_ref_NC_001416.1__15 (length 109)
/workspace/jobs/job_1767665699/output/prokka/genome:gi_9626243_ref_NC_001416.1__16 (length 232)
/workspace/jobs/job_1767665699/output/prokka/genome:gi_9626243_ref_NC_001416.1__17 (length 199)
/workspace/jobs/job_1767665699/output/prokka/genome:gi_9626243_ref_NC_001416.1__18 (length 190)
/workspace/jobs/job_1767665699/output/prokka/genome:gi_9626243_ref_NC_001416.1__19 (length 1132)
/workspace/jobs/job_1767665699/output/prokka/genome:gi_9626243_ref_NC_001416.1__20 (length 206)
/workspace/jobs/job_1767665699/output/prokka/genome:gi_9626243_ref_NC_001416.1__21 (length 283)
/workspace/jobs/job_1767665699/output/prokka/genome:gi_9626243_ref_NC_001416.1__22 (length 314)
/workspace/jobs/job_1767665699/output/prokka/genome:gi_9626243_ref_NC_001416.1__23 (length 194)
/workspace/jobs/job_1767665699/output/prokka/genome:gi_9626243_ref_NC_001416.1__24 (length 410)
/workspace/jobs/job_1767665699/output/prokka/genome:gi_9626243_ref_NC_001416.1__25 (length 296)
/workspace/jobs/job_1767665699/output/prokka/genome:gi_9626243_ref_NC_001416.1__26 (length 525)
/workspace/jobs/job_1767665699/output/prokka/genome:gi_9626243_ref_NC_001416.1__27 (length 356)
/workspace/jobs/job_1767665699/output/prokka/genome:gi_9626243_ref_NC_001416.1__28 (length 130)
/workspace/jobs/job_1767665699/output/prokka/genome:gi_9626243_ref_NC_001416.1__29 (length 182)
/workspace/jobs/job_1767665699/output/prokka/genome:gi_9626243_ref_NC_001416.1__30 (length 73)
/workspace/jobs/job_1767665699/output/prokka/genome:gi_9626243_ref_NC_001416.1__31 (length 29)
/workspace/jobs/job_1767665699/output/prokka/genome:gi_9626243_ref_NC_001416.1__32 (length 63)
/workspace/jobs/job_1767665699/output/prokka/genome:gi_9626243_ref_NC_001416.1__33 (length 60)
/workspace/jobs/job_1767665699/output/prokka/genome:gi_9626243_ref_NC_001416.1__34 (length 226)
/workspace/jobs/job_1767665699/output/prokka/genome:gi_9626243_ref_NC_001416.1__35 (length 261)
/workspace/jobs/job_1767665699/output/prokka/genome:gi_9626243_ref_NC_001416.1__36 (length 98)
/workspace/jobs/job_1767665699/output/prokka/genome:gi_9626243_ref_NC_001416.1__37 (length 89)
/workspace/jobs/job_1767665699/output/prokka/genome:gi_9626243_ref_NC_001416.1__38 (length 122)
/workspace/jobs/job_1767665699/output/prokka/genome:gi_9626243_ref_NC_001416.1__39 (length 66)
/workspace/jobs/job_1767665699/output/prokka/genome:gi_9626243_ref_NC_001416.1__40 (length 160)
/workspace/jobs/job_1767665699/output/prokka/genome:gi_9626243_ref_NC_001416.1__41 (length 107)
/workspace/jobs/job_1767665699/output/prokka/genome:gi_9626243_ref_NC_001416.1__42 (length 144)
/workspace/jobs/job_1767665699/output/prokka/genome:gi_9626243_ref_NC_001416.1__43 (length 279)
/workspace/jobs/job_1767665699/output/prokka/genome:gi_9626243_ref_NC_001416.1__44 (length 237)
/workspace/jobs/job_1767665699/output/prokka/genome:gi_9626243_ref_NC_001416.1__45 (length 299)
/workspace/jobs/job_1767665699/output/prokka/genome:gi_9626243_ref_NC_001416.1__46 (length 233)
/workspace/jobs/job_1767665699/output/prokka/genome:gi_9626243_ref_NC_001416.1__47 (length 96)
/workspace/jobs/job_1767665699/output/prokka/genome:gi_9626243_ref_NC_001416.1__48 (length 146)
/workspace/jobs/job_1767665699/output/prokka/genome:gi_9626243_ref_NC_001416.1__49 (length 290)
/workspace/jobs/job_1767665699/output/prokka/genome:gi_9626243_ref_NC_001416.1__50 (length 57)
/workspace/jobs/job_1767665699/output/prokka/genome:gi_9626243_ref_NC_001416.1__51 (length 60)
/workspace/jobs/job_1767665699/output/prokka/genome:gi_9626243_ref_NC_001416.1__52 (length 56)
/workspace/jobs/job_1767665699/output/prokka/genome:gi_9626243_ref_NC_001416.1__53 (length 204)
/workspace/jobs/job_1767665699/output/prokka/genome:gi_9626243_ref_NC_001416.1__54 (length 221)
/workspace/jobs/job_1767665699/output/prokka/genome:gi_9626243_ref_NC_001416.1__55 (length 207)
/workspace/jobs/job_1767665699/output/prokka/genome:gi_9626243_ref_NC_001416.1__56 (length 105)
/workspace/jobs/job_1767665699/output/prokka/genome:gi_9626243_ref_NC_001416.1__57 (length 158)
/workspace/jobs/job_1767665699/output/prokka/genome:gi_9626243_ref_NC_001416.1__58 (length 153)
/workspace/jobs/job_1767665699/output/prokka/genome:gi_9626243_ref_NC_001416.1__59 (length 177)
/workspace/jobs/job_1767665699/output/prokka/genome:gi_9626243_ref_NC_001416.1__60 (length 68)
/workspace/jobs/job_1767665699/output/prokka/genome:gi_9626243_ref_NC_001416.1__61 (length 64)

DiscRep_ALL:DISC_SOURCE_QUALS_ASNDISC::strain (all present, all unique)
DiscRep_SUB:DISC_SOURCE_QUALS_ASNDISC::1 sources have unique values for strain
DiscRep_ALL:DISC_SOURCE_QUALS_ASNDISC::taxname (all present, all unique)
DiscRep_SUB:DISC_SOURCE_QUALS_ASNDISC::1 sources have unique values for taxname
DiscRep_ALL:DISC_FEATURE_COUNT::CDS: 61 present
DiscRep_ALL:DISC_COUNT_NUCLEOTIDES::1 nucleotide Bioseqs are present
/workspace/jobs/job_1767665699/output/prokka/genome:gi_9626243_ref_NC_001416.1_ (length 48502)

DiscRep_ALL:FEATURE_LOCATION_CONFLICT::61 features have inconsistent gene locations.
DiscRep_SUB:FEATURE_LOCATION_CONFLICT::Coding region xref gene does not exist
/workspace/jobs/job_1767665699/output/prokka/genome:CDS	Prophage DNA-packing protein NohA	gi_9626243_ref_NC_001416.1_:191-736	DPCDKLAI_00001

DiscRep_SUB:FEATURE_LOCATION_CONFLICT::Coding region xref gene does not exist
/workspace/jobs/job_1767665699/output/prokka/genome:CDS	hypothetical protein	gi_9626243_ref_NC_001416.1_:711-2636	DPCDKLAI_00002

DiscRep_SUB:FEATURE_LOCATION_CONFLICT::Coding region xref gene does not exist
/workspace/jobs/job_1767665699/output/prokka/genome:CDS	hypothetical protein	gi_9626243_ref_NC_001416.1_:2633-2839	DPCDKLAI_00003

DiscRep_SUB:FEATURE_LOCATION_CONFLICT::Coding region xref gene does not exist
/workspace/jobs/job_1767665699/output/prokka/genome:CDS	hypothetical protein	gi_9626243_ref_NC_001416.1_:2836-4437	DPCDKLAI_00004

DiscRep_SUB:FEATURE_LOCATION_CONFLICT::Coding region xref gene does not exist
/workspace/jobs/job_1767665699/output/prokka/genome:CDS	hypothetical protein	gi_9626243_ref_NC_001416.1_:4418-5737	DPCDKLAI_00005

DiscRep_SUB:FEATURE_LOCATION_CONFLICT::Coding region xref gene does not exist
/workspace/jobs/job_1767665699/output/prokka/genome:CDS	hypothetical protein	gi_9626243_ref_NC_001416.1_:5747-6079	DPCDKLAI_00006

DiscRep_SUB:FEATURE_LOCATION_CONFLICT::Coding region xref gene does not exist
/workspace/jobs/job_1767665699/output/prokka/genome:CDS	hypothetical protein	gi_9626243_ref_NC_001416.1_:6135-7160	DPCDKLAI_00007

DiscRep_SUB:FEATURE_LOCATION_CONFLICT::Coding region xref gene does not exist
/workspace/jobs/job_1767665699/output/prokka/genome:CDS	hypothetical protein	gi_9626243_ref_NC_001416.1_:7202-7600	DPCDKLAI_00008

DiscRep_SUB:FEATURE_LOCATION_CONFLICT::Coding region xref gene does not exist
/workspace/jobs/job_1767665699/output/prokka/genome:CDS	hypothetical protein	gi_9626243_ref_NC_001416.1_:7612-7965	DPCDKLAI_00009

DiscRep_SUB:FEATURE_LOCATION_CONFLICT::Coding region xref gene does not exist
/workspace/jobs/job_1767665699/output/prokka/genome:CDS	hypothetical protein	gi_9626243_ref_NC_001416.1_:7977-8555	DPCDKLAI_00010

DiscRep_SUB:FEATURE_LOCATION_CONFLICT::Coding region xref gene does not exist
/workspace/jobs/job_1767665699/output/prokka/genome:CDS	hypothetical protein	gi_9626243_ref_NC_001416.1_:8552-8947	DPCDKLAI_00011

DiscRep_SUB:FEATURE_LOCATION_CONFLICT::Coding region xref gene does not exist
/workspace/jobs/job_1767665699/output/prokka/genome:CDS	hypothetical protein	gi_9626243_ref_NC_001416.1_:8955-9695	DPCDKLAI_00012

DiscRep_SUB:FEATURE_LOCATION_CONFLICT::Coding region xref gene does not exist
/workspace/jobs/job_1767665699/output/prokka/genome:CDS	hypothetical protein	gi_9626243_ref_NC_001416.1_:9711-10133	DPCDKLAI_00013

DiscRep_SUB:FEATURE_LOCATION_CONFLICT::Coding region xref gene does not exist
/workspace/jobs/job_1767665699/output/prokka/genome:CDS	hypothetical protein	gi_9626243_ref_NC_001416.1_:10542-13103	DPCDKLAI_00014

DiscRep_SUB:FEATURE_LOCATION_CONFLICT::Coding region xref gene does not exist
/workspace/jobs/job_1767665699/output/prokka/genome:CDS	hypothetical protein	gi_9626243_ref_NC_001416.1_:13100-13429	DPCDKLAI_00015

DiscRep_SUB:FEATURE_LOCATION_CONFLICT::Coding region xref gene does not exist
/workspace/jobs/job_1767665699/output/prokka/genome:CDS	hypothetical protein	gi_9626243_ref_NC_001416.1_:13429-14127	DPCDKLAI_00016

DiscRep_SUB:FEATURE_LOCATION_CONFLICT::Coding region xref gene does not exist
/workspace/jobs/job_1767665699/output/prokka/genome:CDS	hypothetical protein	gi_9626243_ref_NC_001416.1_:14276-14875	DPCDKLAI_00017

DiscRep_SUB:FEATURE_LOCATION_CONFLICT::Coding region xref gene does not exist
/workspace/jobs/job_1767665699/output/prokka/genome:CDS	hypothetical protein	gi_9626243_ref_NC_001416.1_:14872-15444	DPCDKLAI_00018

DiscRep_SUB:FEATURE_LOCATION_CONFLICT::Coding region xref gene does not exist
/workspace/jobs/job_1767665699/output/prokka/genome:CDS	hypothetical protein	gi_9626243_ref_NC_001416.1_:15505-18903	DPCDKLAI_00019

DiscRep_SUB:FEATURE_LOCATION_CONFLICT::Coding region xref gene does not exist
/workspace/jobs/job_1767665699/output/prokka/genome:CDS	Attachment invasion locus protein	gi_9626243_ref_NC_001416.1_:18965-19585	DPCDKLAI_00020

DiscRep_SUB:FEATURE_LOCATION_CONFLICT::Coding region xref gene does not exist
/workspace/jobs/job_1767665699/output/prokka/genome:CDS	hypothetical protein	gi_9626243_ref_NC_001416.1_:c20724-19873	DPCDKLAI_00021

DiscRep_SUB:FEATURE_LOCATION_CONFLICT::Coding region xref gene does not exist
/workspace/jobs/job_1767665699/output/prokka/genome:CDS	hypothetical protein	gi_9626243_ref_NC_001416.1_:21029-21973	DPCDKLAI_00022

DiscRep_SUB:FEATURE_LOCATION_CONFLICT::Coding region xref gene does not exist
/workspace/jobs/job_1767665699/output/prokka/genome:CDS	Prophage tail fiber assembly protein TfaE	gi_9626243_ref_NC_001416.1_:21973-22557	DPCDKLAI_00023

DiscRep_SUB:FEATURE_LOCATION_CONFLICT::Coding region xref gene does not exist
/workspace/jobs/job_1767665699/output/prokka/genome:CDS	hypothetical protein	gi_9626243_ref_NC_001416.1_:c23918-22686	DPCDKLAI_00024

DiscRep_SUB:FEATURE_LOCATION_CONFLICT::Coding region xref gene does not exist
/workspace/jobs/job_1767665699/output/prokka/genome:CDS	hypothetical protein	gi_9626243_ref_NC_001416.1_:c25399-24509	DPCDKLAI_00025

DiscRep_SUB:FEATURE_LOCATION_CONFLICT::Coding region xref gene does not exist
/workspace/jobs/job_1767665699/output/prokka/genome:CDS	hypothetical protein	gi_9626243_ref_NC_001416.1_:c26973-25396	DPCDKLAI_00026

DiscRep_SUB:FEATURE_LOCATION_CONFLICT::Coding region xref gene does not exist
/workspace/jobs/job_1767665699/output/prokka/genome:CDS	hypothetical protein	gi_9626243_ref_NC_001416.1_:c28882-27812	DPCDKLAI_00027

DiscRep_SUB:FEATURE_LOCATION_CONFLICT::Coding region xref gene does not exist
/workspace/jobs/job_1767665699/output/prokka/genome:CDS	hypothetical protein	gi_9626243_ref_NC_001416.1_:29218-29610	DPCDKLAI_00028

DiscRep_SUB:FEATURE_LOCATION_CONFLICT::Coding region xref gene does not exist
/workspace/jobs/job_1767665699/output/prokka/genome:CDS	hypothetical protein	gi_9626243_ref_NC_001416.1_:c30395-29847	DPCDKLAI_00029

DiscRep_SUB:FEATURE_LOCATION_CONFLICT::Coding region xref gene does not exist
/workspace/jobs/job_1767665699/output/prokka/genome:CDS	hypothetical protein	gi_9626243_ref_NC_001416.1_:c30613-30392	DPCDKLAI_00030

DiscRep_SUB:FEATURE_LOCATION_CONFLICT::Coding region xref gene does not exist
/workspace/jobs/job_1767665699/output/prokka/genome:CDS	hypothetical protein	gi_9626243_ref_NC_001416.1_:c30709-30620	DPCDKLAI_00031

DiscRep_SUB:FEATURE_LOCATION_CONFLICT::Coding region xref gene does not exist
/workspace/jobs/job_1767665699/output/prokka/genome:CDS	hypothetical protein	gi_9626243_ref_NC_001416.1_:c31196-31005	DPCDKLAI_00032

DiscRep_SUB:FEATURE_LOCATION_CONFLICT::Coding region xref gene does not exist
/workspace/jobs/job_1767665699/output/prokka/genome:CDS	hypothetical protein	gi_9626243_ref_NC_001416.1_:c31351-31169	DPCDKLAI_00033

DiscRep_SUB:FEATURE_LOCATION_CONFLICT::Coding region xref gene does not exist
/workspace/jobs/job_1767665699/output/prokka/genome:CDS	hypothetical protein	gi_9626243_ref_NC_001416.1_:c32028-31348	DPCDKLAI_00034

DiscRep_SUB:FEATURE_LOCATION_CONFLICT::Coding region xref gene does not exist
/workspace/jobs/job_1767665699/output/prokka/genome:CDS	hypothetical protein	gi_9626243_ref_NC_001416.1_:c32810-32025	DPCDKLAI_00035

DiscRep_SUB:FEATURE_LOCATION_CONFLICT::Coding region xref gene does not exist
/workspace/jobs/job_1767665699/output/prokka/genome:CDS	hypothetical protein	gi_9626243_ref_NC_001416.1_:c33112-32816	DPCDKLAI_00036

DiscRep_SUB:FEATURE_LOCATION_CONFLICT::Coding region xref gene does not exist
/workspace/jobs/job_1767665699/output/prokka/genome:CDS	hypothetical protein	gi_9626243_ref_NC_001416.1_:c33456-33187	DPCDKLAI_00037

DiscRep_SUB:FEATURE_LOCATION_CONFLICT::Coding region xref gene does not exist
/workspace/jobs/job_1767665699/output/prokka/genome:CDS	hypothetical protein	gi_9626243_ref_NC_001416.1_:c33904-33536	DPCDKLAI_00038

DiscRep_SUB:FEATURE_LOCATION_CONFLICT::Coding region xref gene does not exist
/workspace/jobs/job_1767665699/output/prokka/genome:CDS	hypothetical protein	gi_9626243_ref_NC_001416.1_:c34287-34087	DPCDKLAI_00039

DiscRep_SUB:FEATURE_LOCATION_CONFLICT::Coding region xref gene does not exist
/workspace/jobs/job_1767665699/output/prokka/genome:CDS	hypothetical protein	gi_9626243_ref_NC_001416.1_:34554-35036	DPCDKLAI_00040

DiscRep_SUB:FEATURE_LOCATION_CONFLICT::Coding region xref gene does not exist
/workspace/jobs/job_1767665699/output/prokka/genome:CDS	hypothetical protein	gi_9626243_ref_NC_001416.1_:c35360-35037	DPCDKLAI_00041

DiscRep_SUB:FEATURE_LOCATION_CONFLICT::Coding region xref gene does not exist
/workspace/jobs/job_1767665699/output/prokka/genome:CDS	hypothetical protein	gi_9626243_ref_NC_001416.1_:c36259-35825	DPCDKLAI_00042

DiscRep_SUB:FEATURE_LOCATION_CONFLICT::Coding region xref gene does not exist
/workspace/jobs/job_1767665699/output/prokka/genome:CDS	hypothetical protein	gi_9626243_ref_NC_001416.1_:c37114-36275	DPCDKLAI_00043

DiscRep_SUB:FEATURE_LOCATION_CONFLICT::Coding region xref gene does not exist
/workspace/jobs/job_1767665699/output/prokka/genome:CDS	LexA repressor	gi_9626243_ref_NC_001416.1_:c37940-37227	DPCDKLAI_00044

DiscRep_SUB:FEATURE_LOCATION_CONFLICT::Coding region xref gene does not exist
/workspace/jobs/job_1767665699/output/prokka/genome:CDS	hypothetical protein	gi_9626243_ref_NC_001416.1_:38686-39585	DPCDKLAI_00045

DiscRep_SUB:FEATURE_LOCATION_CONFLICT::Coding region xref gene does not exist
/workspace/jobs/job_1767665699/output/prokka/genome:CDS	hypothetical protein	gi_9626243_ref_NC_001416.1_:39582-40283	DPCDKLAI_00046

DiscRep_SUB:FEATURE_LOCATION_CONFLICT::Coding region xref gene does not exist
/workspace/jobs/job_1767665699/output/prokka/genome:CDS	hypothetical protein	gi_9626243_ref_NC_001416.1_:40280-40570	DPCDKLAI_00047

DiscRep_SUB:FEATURE_LOCATION_CONFLICT::Coding region xref gene does not exist
/workspace/jobs/job_1767665699/output/prokka/genome:CDS	hypothetical protein	gi_9626243_ref_NC_001416.1_:40644-41084	DPCDKLAI_00048

DiscRep_SUB:FEATURE_LOCATION_CONFLICT::Coding region xref gene does not exist
/workspace/jobs/job_1767665699/output/prokka/genome:CDS	hypothetical protein	gi_9626243_ref_NC_001416.1_:41081-41953	DPCDKLAI_00049

DiscRep_SUB:FEATURE_LOCATION_CONFLICT::Coding region xref gene does not exist
/workspace/jobs/job_1767665699/output/prokka/genome:CDS	hypothetical protein	gi_9626243_ref_NC_001416.1_:41950-42123	DPCDKLAI_00050

DiscRep_SUB:FEATURE_LOCATION_CONFLICT::Coding region xref gene does not exist
/workspace/jobs/job_1767665699/output/prokka/genome:CDS	hypothetical protein	gi_9626243_ref_NC_001416.1_:42090-42272	DPCDKLAI_00051

DiscRep_SUB:FEATURE_LOCATION_CONFLICT::Coding region xref gene does not exist
/workspace/jobs/job_1767665699/output/prokka/genome:CDS	hypothetical protein	gi_9626243_ref_NC_001416.1_:42269-42439	DPCDKLAI_00052

DiscRep_SUB:FEATURE_LOCATION_CONFLICT::Coding region xref gene does not exist
/workspace/jobs/job_1767665699/output/prokka/genome:CDS	hypothetical protein	gi_9626243_ref_NC_001416.1_:42429-43043	DPCDKLAI_00053

DiscRep_SUB:FEATURE_LOCATION_CONFLICT::Coding region xref gene does not exist
/workspace/jobs/job_1767665699/output/prokka/genome:CDS	Serine/threonine-protein phosphatase 1	gi_9626243_ref_NC_001416.1_:43224-43889	DPCDKLAI_00054

DiscRep_SUB:FEATURE_LOCATION_CONFLICT::Coding region xref gene does not exist
/workspace/jobs/job_1767665699/output/prokka/genome:CDS	hypothetical protein	gi_9626243_ref_NC_001416.1_:43886-44509	DPCDKLAI_00055

DiscRep_SUB:FEATURE_LOCATION_CONFLICT::Coding region xref gene does not exist
/workspace/jobs/job_1767665699/output/prokka/genome:CDS	hypothetical protein	gi_9626243_ref_NC_001416.1_:45192-45509	DPCDKLAI_00056

DiscRep_SUB:FEATURE_LOCATION_CONFLICT::Coding region xref gene does not exist
/workspace/jobs/job_1767665699/output/prokka/genome:CDS	hypothetical protein	gi_9626243_ref_NC_001416.1_:45493-45969	DPCDKLAI_00057

DiscRep_SUB:FEATURE_LOCATION_CONFLICT::Coding region xref gene does not exist
/workspace/jobs/job_1767665699/output/prokka/genome:CDS	hypothetical protein	gi_9626243_ref_NC_001416.1_:45966-46427	DPCDKLAI_00058

DiscRep_SUB:FEATURE_LOCATION_CONFLICT::Coding region xref gene does not exist
/workspace/jobs/job_1767665699/output/prokka/genome:CDS	hypothetical protein	gi_9626243_ref_NC_001416.1_:c47575-47042	DPCDKLAI_00059

DiscRep_SUB:FEATURE_LOCATION_CONFLICT::Coding region xref gene does not exist
/workspace/jobs/job_1767665699/output/prokka/genome:CDS	hypothetical protein	gi_9626243_ref_NC_001416.1_:47738-47944	DPCDKLAI_00060

DiscRep_SUB:FEATURE_LOCATION_CONFLICT::Coding region xref gene does not exist
/workspace/jobs/job_1767665699/output/prokka/genome:CDS	hypothetical protein	gi_9626243_ref_NC_001416.1_:c48303-48109	DPCDKLAI_00061

DiscRep_ALL:DISC_QUALITY_SCORES::Quality scores are missing on all sequences.

DiscRep_ALL:ONCALLER_COMMENT_PRESENT::1 comment descriptors were found (all same)
/workspace/jobs/job_1767665699/output/prokka/genome:gi_9626243_ref_NC_001416.1_:Annotated using prokka 1.15.6 from https://github.com/tseemann/prokka

DiscRep_ALL:SHORT_PROT_SEQUENCES::1 protein sequences are shorter than 50 aa.
/workspace/jobs/job_1767665699/output/prokka/genome:gi_9626243_ref_NC_001416.1__31 (length 29)

DiscRep_ALL:MISSING_GENOMEASSEMBLY_COMMENTS::1 bioseqs are missing GenomeAssembly structured comments
/workspace/jobs/job_1767665699/output/prokka/genome:gi_9626243_ref_NC_001416.1_ (length 48502)

DiscRep_ALL:MOLTYPE_NOT_MRNA::1 molecule types are not set as mRNA.
/workspace/jobs/job_1767665699/output/prokka/genome:gi_9626243_ref_NC_001416.1_ (length 48502)

DiscRep_ALL:TECHNIQUE_NOT_TSA::1 technique are not set as TSA
/workspace/jobs/job_1767665699/output/prokka/genome:gi_9626243_ref_NC_001416.1_ (length 48502)

DiscRep_ALL:MISSING_STRUCTURED_COMMENT::1 sequences do not include structured comments.
/workspace/jobs/job_1767665699/output/prokka/genome:gi_9626243_ref_NC_001416.1_ (length 48502)

DiscRep_ALL:MISSING_PROJECT::62 sequences do not include project.
/workspace/jobs/job_1767665699/output/prokka/genome:gi_9626243_ref_NC_001416.1_ (length 48502)
/workspace/jobs/job_1767665699/output/prokka/genome:gi_9626243_ref_NC_001416.1__1 (length 181)
/workspace/jobs/job_1767665699/output/prokka/genome:gi_9626243_ref_NC_001416.1__2 (length 641)
/workspace/jobs/job_1767665699/output/prokka/genome:gi_9626243_ref_NC_001416.1__3 (length 68)
/workspace/jobs/job_1767665699/output/prokka/genome:gi_9626243_ref_NC_001416.1__4 (length 533)
/workspace/jobs/job_1767665699/output/prokka/genome:gi_9626243_ref_NC_001416.1__5 (length 439)
/workspace/jobs/job_1767665699/output/prokka/genome:gi_9626243_ref_NC_001416.1__6 (length 110)
/workspace/jobs/job_1767665699/output/prokka/genome:gi_9626243_ref_NC_001416.1__7 (length 341)
/workspace/jobs/job_1767665699/output/prokka/genome:gi_9626243_ref_NC_001416.1__8 (length 132)
/workspace/jobs/job_1767665699/output/prokka/genome:gi_9626243_ref_NC_001416.1__9 (length 117)
/workspace/jobs/job_1767665699/output/prokka/genome:gi_9626243_ref_NC_001416.1__10 (length 192)
/workspace/jobs/job_1767665699/output/prokka/genome:gi_9626243_ref_NC_001416.1__11 (length 131)
/workspace/jobs/job_1767665699/output/prokka/genome:gi_9626243_ref_NC_001416.1__12 (length 246)
/workspace/jobs/job_1767665699/output/prokka/genome:gi_9626243_ref_NC_001416.1__13 (length 140)
/workspace/jobs/job_1767665699/output/prokka/genome:gi_9626243_ref_NC_001416.1__14 (length 853)
/workspace/jobs/job_1767665699/output/prokka/genome:gi_9626243_ref_NC_001416.1__15 (length 109)
/workspace/jobs/job_1767665699/output/prokka/genome:gi_9626243_ref_NC_001416.1__16 (length 232)
/workspace/jobs/job_1767665699/output/prokka/genome:gi_9626243_ref_NC_001416.1__17 (length 199)
/workspace/jobs/job_1767665699/output/prokka/genome:gi_9626243_ref_NC_001416.1__18 (length 190)
/workspace/jobs/job_1767665699/output/prokka/genome:gi_9626243_ref_NC_001416.1__19 (length 1132)
/workspace/jobs/job_1767665699/output/prokka/genome:gi_9626243_ref_NC_001416.1__20 (length 206)
/workspace/jobs/job_1767665699/output/prokka/genome:gi_9626243_ref_NC_001416.1__21 (length 283)
/workspace/jobs/job_1767665699/output/prokka/genome:gi_9626243_ref_NC_001416.1__22 (length 314)
/workspace/jobs/job_1767665699/output/prokka/genome:gi_9626243_ref_NC_001416.1__23 (length 194)
/workspace/jobs/job_1767665699/output/prokka/genome:gi_9626243_ref_NC_001416.1__24 (length 410)
/workspace/jobs/job_1767665699/output/prokka/genome:gi_9626243_ref_NC_001416.1__25 (length 296)
/workspace/jobs/job_1767665699/output/prokka/genome:gi_9626243_ref_NC_001416.1__26 (length 525)
/workspace/jobs/job_1767665699/output/prokka/genome:gi_9626243_ref_NC_001416.1__27 (length 356)
/workspace/jobs/job_1767665699/output/prokka/genome:gi_9626243_ref_NC_001416.1__28 (length 130)
/workspace/jobs/job_1767665699/output/prokka/genome:gi_9626243_ref_NC_001416.1__29 (length 182)
/workspace/jobs/job_1767665699/output/prokka/genome:gi_9626243_ref_NC_001416.1__30 (length 73)
/workspace/jobs/job_1767665699/output/prokka/genome:gi_9626243_ref_NC_001416.1__31 (length 29)
/workspace/jobs/job_1767665699/output/prokka/genome:gi_9626243_ref_NC_001416.1__32 (length 63)
/workspace/jobs/job_1767665699/output/prokka/genome:gi_9626243_ref_NC_001416.1__33 (length 60)
/workspace/jobs/job_1767665699/output/prokka/genome:gi_9626243_ref_NC_001416.1__34 (length 226)
/workspace/jobs/job_1767665699/output/prokka/genome:gi_9626243_ref_NC_001416.1__35 (length 261)
/workspace/jobs/job_1767665699/output/prokka/genome:gi_9626243_ref_NC_001416.1__36 (length 98)
/workspace/jobs/job_1767665699/output/prokka/genome:gi_9626243_ref_NC_001416.1__37 (length 89)
/workspace/jobs/job_1767665699/output/prokka/genome:gi_9626243_ref_NC_001416.1__38 (length 122)
/workspace/jobs/job_1767665699/output/prokka/genome:gi_9626243_ref_NC_001416.1__39 (length 66)
/workspace/jobs/job_1767665699/output/prokka/genome:gi_9626243_ref_NC_001416.1__40 (length 160)
/workspace/jobs/job_1767665699/output/prokka/genome:gi_9626243_ref_NC_001416.1__41 (length 107)
/workspace/jobs/job_1767665699/output/prokka/genome:gi_9626243_ref_NC_001416.1__42 (length 144)
/workspace/jobs/job_1767665699/output/prokka/genome:gi_9626243_ref_NC_001416.1__43 (length 279)
/workspace/jobs/job_1767665699/output/prokka/genome:gi_9626243_ref_NC_001416.1__44 (length 237)
/workspace/jobs/job_1767665699/output/prokka/genome:gi_9626243_ref_NC_001416.1__45 (length 299)
/workspace/jobs/job_1767665699/output/prokka/genome:gi_9626243_ref_NC_001416.1__46 (length 233)
/workspace/jobs/job_1767665699/output/prokka/genome:gi_9626243_ref_NC_001416.1__47 (length 96)
/workspace/jobs/job_1767665699/output/prokka/genome:gi_9626243_ref_NC_001416.1__48 (length 146)
/workspace/jobs/job_1767665699/output/prokka/genome:gi_9626243_ref_NC_001416.1__49 (length 290)
/workspace/jobs/job_1767665699/output/prokka/genome:gi_9626243_ref_NC_001416.1__50 (length 57)
/workspace/jobs/job_1767665699/output/prokka/genome:gi_9626243_ref_NC_001416.1__51 (length 60)
/workspace/jobs/job_1767665699/output/prokka/genome:gi_9626243_ref_NC_001416.1__52 (length 56)
/workspace/jobs/job_1767665699/output/prokka/genome:gi_9626243_ref_NC_001416.1__53 (length 204)
/workspace/jobs/job_1767665699/output/prokka/genome:gi_9626243_ref_NC_001416.1__54 (length 221)
/workspace/jobs/job_1767665699/output/prokka/genome:gi_9626243_ref_NC_001416.1__55 (length 207)
/workspace/jobs/job_1767665699/output/prokka/genome:gi_9626243_ref_NC_001416.1__56 (length 105)
/workspace/jobs/job_1767665699/output/prokka/genome:gi_9626243_ref_NC_001416.1__57 (length 158)
/workspace/jobs/job_1767665699/output/prokka/genome:gi_9626243_ref_NC_001416.1__58 (length 153)
/workspace/jobs/job_1767665699/output/prokka/genome:gi_9626243_ref_NC_001416.1__59 (length 177)
/workspace/jobs/job_1767665699/output/prokka/genome:gi_9626243_ref_NC_001416.1__60 (length 68)
/workspace/jobs/job_1767665699/output/prokka/genome:gi_9626243_ref_NC_001416.1__61 (length 64)

DiscRep_ALL:DISC_INCONSISTENT_MOLINFO_TECH::Molinfo Technique Report (some missing, all same)
DiscRep_SUB:DISC_INCONSISTENT_MOLINFO_TECH::technique (all missing)
DiscRep_SUB:DISC_INCONSISTENT_MOLINFO_TECH::1 Molinfos are missing field technique
/workspace/jobs/job_1767665699/output/prokka/genome:gi_9626243_ref_NC_001416.1_ (length 48502)

