[shovill] Hello stranger
[shovill] You ran: /shovill-1.1.0/bin/shovill --R1 /workspace --R2 /workspace --outdir /workspace/jobs/job_1767665734/output/shovill --force --cpus 2 --ram 4
[shovill] This is shovill 1.1.0
[shovill] Written by Torsten Seemann
[shovill] Homepage is https://github.com/tseemann/shovill
[shovill] Operating system is linux
[shovill] Perl version is v5.22.1
[shovill] Machine has 12 CPU cores and 15.00 GB RAM
[shovill] Using bwa - /bwa/bwa-0.7.17/bwa | Version: 0.7.17-r1188
[shovill] Using flash - /flash/FLASH-1.2.11/flash | FLASH v1.2.11
[shovill] Using java - /usr/bin/java | openjdk version "9-internal"
[shovill] Using kmc - /kmc/kmc | K-Mer Counter (KMC) ver. 3.1.1 (2019-05-19)
[shovill] Using lighter - /Lighter-1.1.1/lighter | Lighter v1.1.1
[shovill] Using megahit - /megahit/megahit_v1.1.4_LINUX_CPUONLY_x86_64-bin/megahit | MEGAHIT v1.1.3
[shovill] Using megahit_toolkit - /megahit/megahit_v1.1.4_LINUX_CPUONLY_x86_64-bin/megahit_toolkit | v1.1.3
[shovill] Using pigz - /usr/bin/pigz | pigz 2.3.1
[shovill] Using pilon - /pilon/pilon | Pilon version 1.24 Thu Jan 28 13:00:45 2021 -0500
[shovill] Using samclip - /samclip/samclip | samclip 0.4.0
[shovill] Using samtools - /usr/local/bin/samtools | Version: 1.16.1 (using htslib 1.16)
[shovill] Using seqtk - /usr/local/bin/seqtk | Version: 1.3-r106
[shovill] Using skesa - /skesa/skesa | SKESA v.2.3.0
[shovill] Using spades.py - /SPAdes-3.15.5-Linux/bin/spades.py | SPAdes genome assembler v3.15.5
[shovill] Using trimmomatic - /trimmomatic/trimmomatic | 0.39
[shovill] Using velvetg - /velvet/velvet-1.2.10/velvetg | Version 1.2.10
[shovill] Using velveth - /velvet/velvet-1.2.10/velveth | Version 1.2.10
[shovill] Found spades version: 003015000
[shovill] Will use spades 003015000 options: --isolate and --merged
[shovill] Forced overwrite of existing --outdir /workspace/jobs/job_1767665734/output/shovill
[shovill] Using tempdir: /tmp/ODhYJXbPkb
[shovill] Changing into folder: /workspace/jobs/job_1767665734/output/shovill
[shovill] Collecting raw read statistics with 'seqtk'
[shovill] Running: seqtk fqchk -q3 \/workspace >/tmp/xbvycMpUmH 2>&1 | sed 's/^/[seqtk] /' | tee -a shovill.log
[shovill] Can't parse avg_len from: min_len: 2147483647; max_len: 0; avg_len: -nan; 0 distinct quality values

