[01:59:56] This is prokka 1.15.6
[01:59:56] Written by Torsten Seemann <torsten.seemann@gmail.com>
[01:59:56] Homepage is https://github.com/tseemann/prokka
[01:59:56] Local time is Tue Jan  6 01:59:56 2026
[01:59:56] You are not telling me who you are!
[01:59:56] Operating system is linux
[01:59:56] You have BioPerl 1.7.8
[01:59:56] System has 12 cores.
[01:59:56] Will use maximum of 8 cores.
[01:59:56] Annotating as >>> Bacteria <<<
[01:59:56] Generating locus_tag from '/workspace/jobs/job_1767664756/output/contigs.fa' contents.
[01:59:56] Setting --locustag ADMCFKJO from MD5 ad6cf4385800c582c848d1e5c48629c3
[01:59:56] Creating new output folder: /workspace/jobs/job_1767664756/output/prokka
[01:59:56] Running: mkdir -p \/workspace\/jobs\/job_1767664756\/output\/prokka
[01:59:56] Using filename prefix: genome.XXX
[01:59:56] Setting HMMER_NCPU=1
[01:59:56] Writing log to: /workspace/jobs/job_1767664756/output/prokka/genome.log
[01:59:56] Command: /prokka-1.15.6/bin/prokka --outdir /workspace/jobs/job_1767664756/output/prokka --force --prefix genome /workspace/jobs/job_1767664756/output/contigs.fa
[01:59:56] Looking for 'aragorn' - found /usr/bin/aragorn
[01:59:56] Determined aragorn version is v1.2 from 'ARAGORN v1.2.41 Dean Laslett'
[01:59:56] Looking for 'barrnap' - found /usr/bin/barrnap
[01:59:56] Determined barrnap version is v0.9 from 'barrnap 0.9'
[01:59:56] Looking for 'blastp' - found /usr/bin/blastp
[01:59:56] Determined blastp version is v2.12 from 'blastp: 2.12.0+'
[01:59:56] Looking for 'cmpress' - found /usr/bin/cmpress
[01:59:56] Determined cmpress version is v1.1 from '# INFERNAL 1.1.5 (Sep 2023)'
[01:59:56] Looking for 'cmscan' - found /usr/bin/cmscan
[01:59:56] Determined cmscan version is v1.1 from '# INFERNAL 1.1.5 (Sep 2023)'
[01:59:56] Looking for 'egrep' - found /usr/bin/egrep
[01:59:56] Looking for 'find' - found /usr/bin/find
[01:59:56] Looking for 'grep' - found /usr/bin/grep
[01:59:56] Looking for 'hmmpress' - found /usr/bin/hmmpress
[01:59:56] Determined hmmpress version is v3.4 from '# HMMER 3.4 (Aug 2023); http://hmmer.org/'
[01:59:56] Looking for 'hmmscan' - found /usr/bin/hmmscan
[01:59:56] Determined hmmscan version is v3.4 from '# HMMER 3.4 (Aug 2023); http://hmmer.org/'
[01:59:56] Looking for 'java' - found /usr/bin/java
[01:59:56] Looking for 'makeblastdb' - found /usr/bin/makeblastdb
[01:59:56] Determined makeblastdb version is v2.12 from 'makeblastdb: 2.12.0+'
[01:59:56] Looking for 'minced' - found /usr/local/bin/minced
[01:59:56] Determined minced version is v4.2 from 'minced 0.4.2'
[01:59:56] Looking for 'parallel' - found /usr/bin/parallel
[01:59:56] Determined parallel version is 20231122 from 'GNU parallel 20231122'
[01:59:56] Looking for 'prodigal' - found /usr/bin/prodigal
[01:59:56] Determined prodigal version is v2.6 from 'Prodigal V2.6.3: February, 2016'
[01:59:56] Looking for 'prokka-genbank_to_fasta_db' - found /prokka-1.15.6/bin/prokka-genbank_to_fasta_db
[01:59:56] Looking for 'sed' - found /usr/bin/sed
[01:59:56] Looking for 'tbl2asn' - found /usr/bin/tbl2asn
[01:59:56] Determined tbl2asn version is v25.3 from 'tbl2asn 25.3   arguments:'
[01:59:56] Using genetic code table 11.
[01:59:56] Loading and checking input file: /workspace/jobs/job_1767664756/output/contigs.fa
[01:59:56] Wrote 40 contigs totalling 172670 bp.
[01:59:56] Predicting tRNAs and tmRNAs
[01:59:56] Running: aragorn -l -gc11  -w \/workspace\/jobs\/job_1767664756\/output\/prokka\/genome\.fna
[01:59:56] Found 0 tRNAs
[01:59:56] Predicting Ribosomal RNAs
[01:59:56] Running Barrnap with 8 threads
[01:59:57] Found 0 rRNAs
[01:59:57] Skipping ncRNA search, enable with --rfam if desired.
[01:59:57] Total of 0 tRNA + rRNA features
[01:59:57] Searching for CRISPR repeats
[01:59:57] Found 0 CRISPRs
[01:59:57] Predicting coding sequences
[01:59:57] Contigs total 172670 bp, so using single mode
[01:59:57] Running: prodigal -i \/workspace\/jobs\/job_1767664756\/output\/prokka\/genome\.fna -c -m -g 11 -p single -f sco -q
[01:59:57] Found 143 CDS
[01:59:57] Connecting features back to sequences
[01:59:57] Not using genus-specific database. Try --usegenus to enable it.
[01:59:57] Annotating CDS, please be patient.
[01:59:57] Will use 8 CPUs for similarity searching.
[01:59:57] There are still 143 unannotated CDS left (started with 143)
[01:59:57] Will use blast to search against /prokka-1.15.6/db/kingdom/Bacteria/IS with 8 CPUs
[01:59:57] Running: cat \/workspace\/jobs\/job_1767664756\/output\/prokka\/genome\.IS\.tmp\.1\.faa | parallel --gnu --plain -j 8 --block 3016 --recstart '>' --pipe blastp -query - -db /prokka-1.15.6/db/kingdom/Bacteria/IS -evalue 1e-30 -qcov_hsp_perc 90 -num_threads 1 -num_descriptions 1 -num_alignments 1 -seg no > \/workspace\/jobs\/job_1767664756\/output\/prokka\/genome\.IS\.tmp\.1\.blast 2> /dev/null
[01:59:58] Deleting unwanted file: /workspace/jobs/job_1767664756/output/prokka/genome.IS.tmp.1.faa
[01:59:58] Deleting unwanted file: /workspace/jobs/job_1767664756/output/prokka/genome.IS.tmp.1.blast
[01:59:58] There are still 137 unannotated CDS left (started with 143)
[01:59:58] Will use blast to search against /prokka-1.15.6/db/kingdom/Bacteria/AMR with 8 CPUs
[01:59:58] Running: cat \/workspace\/jobs\/job_1767664756\/output\/prokka\/genome\.AMR\.tmp\.1\.faa | parallel --gnu --plain -j 8 --block 2928 --recstart '>' --pipe blastp -query - -db /prokka-1.15.6/db/kingdom/Bacteria/AMR -evalue 1e-300 -qcov_hsp_perc 90 -num_threads 1 -num_descriptions 1 -num_alignments 1 -seg no > \/workspace\/jobs\/job_1767664756\/output\/prokka\/genome\.AMR\.tmp\.1\.blast 2> /dev/null
[01:59:59] Deleting unwanted file: /workspace/jobs/job_1767664756/output/prokka/genome.AMR.tmp.1.faa
[01:59:59] Deleting unwanted file: /workspace/jobs/job_1767664756/output/prokka/genome.AMR.tmp.1.blast
[01:59:59] There are still 137 unannotated CDS left (started with 143)
[01:59:59] Will use blast to search against /prokka-1.15.6/db/kingdom/Bacteria/sprot with 8 CPUs
[01:59:59] Running: cat \/workspace\/jobs\/job_1767664756\/output\/prokka\/genome\.sprot\.tmp\.1\.faa | parallel --gnu --plain -j 8 --block 2928 --recstart '>' --pipe blastp -query - -db /prokka-1.15.6/db/kingdom/Bacteria/sprot -evalue 1e-09 -qcov_hsp_perc 80 -num_threads 1 -num_descriptions 1 -num_alignments 1 -seg no > \/workspace\/jobs\/job_1767664756\/output\/prokka\/genome\.sprot\.tmp\.1\.blast 2> /dev/null
[02:00:02] Modify product: Probable subtilase-type serine protease DR_A0283 => putative subtilase-type serine protease
[02:00:02] Modify product: Uncharacterized protein DR_A0282 => putative protein
[02:00:02] Modify product: Uncharacterized ABC transporter ATP-binding protein Rv0986 => putative ABC transporter ATP-binding protein
[02:00:02] Modify product: UPF0053 inner membrane protein YgdQ => hypothetical protein
[02:00:02] Modify product: UPF0053 protein Rv1842c => hypothetical protein
[02:00:02] Modify product: UPF0053 protein Rv1842c => hypothetical protein
[02:00:02] Modify product: Probable siderophore transport system permease protein YfiZ => putative siderophore transport system permease protein YfiZ
[02:00:02] Modify product: Probable siderophore transport system permease protein YfhA => putative siderophore transport system permease protein YfhA
[02:00:02] Modify product: Probable siderophore transport system ATP-binding protein YusV => putative siderophore transport system ATP-binding protein YusV
[02:00:02] Cleaned 9 /product names
[02:00:02] Deleting unwanted file: /workspace/jobs/job_1767664756/output/prokka/genome.sprot.tmp.1.faa
[02:00:02] Deleting unwanted file: /workspace/jobs/job_1767664756/output/prokka/genome.sprot.tmp.1.blast
[02:00:02] There are still 91 unannotated CDS left (started with 143)
[02:00:02] Will use hmmer3 to search against /prokka-1.15.6/db/hmm/HAMAP.hmm with 8 CPUs
[02:00:02] Running: cat \/workspace\/jobs\/job_1767664756\/output\/prokka\/genome\.HAMAP\.hmm\.tmp\.1\.faa | parallel --gnu --plain -j 8 --block 1950 --recstart '>' --pipe hmmscan --noali --notextw --acc -E 1e-09 --cpu 1 /prokka-1.15.6/db/hmm/HAMAP.hmm /dev/stdin > \/workspace\/jobs\/job_1767664756\/output\/prokka\/genome\.HAMAP\.hmm\.tmp\.1\.hmmer3 2> /dev/null
[02:00:03] Deleting unwanted file: /workspace/jobs/job_1767664756/output/prokka/genome.HAMAP.hmm.tmp.1.faa
[02:00:03] Deleting unwanted file: /workspace/jobs/job_1767664756/output/prokka/genome.HAMAP.hmm.tmp.1.hmmer3
[02:00:03] Labelling remaining 76 proteins as 'hypothetical protein'
[02:00:03] Possible /pseudo 'Sensor histidine kinase RcsC' at contig00002 position 34317
[02:00:03] Possible /pseudo 'IS630 family transposase ISDra3' at contig00003 position 12461
[02:00:03] Found 49 unique /gene codes.
[02:00:03] Fixed 2 duplicate /gene - noc_1 noc_2
[02:00:03] Fixed 2 duplicate /gene - rcsC_1 rcsC_2
[02:00:03] Fixed 2 duplicate /gene - sasA_1 sasA_2
[02:00:03] Fixed 3 colliding /gene names.
[02:00:03] Adding /locus_tag identifiers
[02:00:03] Assigned 143 locus_tags to CDS and RNA features.
[02:00:03] Writing outputs to /workspace/jobs/job_1767664756/output/prokka/
[02:00:04] Generating annotation statistics file
[02:00:04] Generating Genbank and Sequin files
[02:00:04] Running: tbl2asn -V b -a r10k -l paired-ends -M n -N 1 -y 'Annotated using prokka 1.15.6 from https://github.com/tseemann/prokka' -Z \/workspace\/jobs\/job_1767664756\/output\/prokka\/genome\.err -i \/workspace\/jobs\/job_1767664756\/output\/prokka\/genome\.fsa 2> /dev/null
[02:00:04] Deleting unwanted file: /workspace/jobs/job_1767664756/output/prokka/errorsummary.val
[02:00:04] Deleting unwanted file: /workspace/jobs/job_1767664756/output/prokka/genome.dr
[02:00:04] Deleting unwanted file: /workspace/jobs/job_1767664756/output/prokka/genome.fixedproducts
[02:00:04] Deleting unwanted file: /workspace/jobs/job_1767664756/output/prokka/genome.ecn
[02:00:04] Deleting unwanted file: /workspace/jobs/job_1767664756/output/prokka/genome.val
[02:00:04] Repairing broken .GBK output that tbl2asn produces...
[02:00:04] Running: sed 's/COORDINATES: profile/COORDINATES:profile/' < \/workspace\/jobs\/job_1767664756\/output\/prokka\/genome\.gbf > \/workspace\/jobs\/job_1767664756\/output\/prokka\/genome\.gbk
[02:00:04] Deleting unwanted file: /workspace/jobs/job_1767664756/output/prokka/genome.gbf
[02:00:04] Output files:
[02:00:04] /workspace/jobs/job_1767664756/output/prokka/genome.ffn
[02:00:04] /workspace/jobs/job_1767664756/output/prokka/genome.tbl
[02:00:04] /workspace/jobs/job_1767664756/output/prokka/genome.err
[02:00:04] /workspace/jobs/job_1767664756/output/prokka/genome.sqn
[02:00:04] /workspace/jobs/job_1767664756/output/prokka/genome.fsa
[02:00:04] /workspace/jobs/job_1767664756/output/prokka/genome.gbk
[02:00:04] /workspace/jobs/job_1767664756/output/prokka/genome.faa
[02:00:04] /workspace/jobs/job_1767664756/output/prokka/genome.log
[02:00:04] /workspace/jobs/job_1767664756/output/prokka/genome.gff
[02:00:04] /workspace/jobs/job_1767664756/output/prokka/genome.fna
[02:00:04] /workspace/jobs/job_1767664756/output/prokka/genome.txt
[02:00:04] /workspace/jobs/job_1767664756/output/prokka/genome.tsv
[02:00:04] Annotation finished successfully.
[02:00:04] Walltime used: 0.13 minutes
[02:00:04] If you use this result please cite the Prokka paper:
[02:00:04] Seemann T (2014) Prokka: rapid prokaryotic genome annotation. Bioinformatics. 30(14):2068-9.
[02:00:04] Type 'prokka --citation' for more details.
[02:00:04] Thank you, come again.
