[02:28:39] This is prokka 1.15.6
[02:28:39] Written by Torsten Seemann <torsten.seemann@gmail.com>
[02:28:39] Homepage is https://github.com/tseemann/prokka
[02:28:39] Local time is Tue Jan  6 02:28:39 2026
[02:28:39] You are not telling me who you are!
[02:28:39] Operating system is linux
[02:28:39] You have BioPerl 1.7.8
[02:28:39] System has 12 cores.
[02:28:39] Will use maximum of 8 cores.
[02:28:39] Annotating as >>> Bacteria <<<
[02:28:39] Generating locus_tag from '/workspace/jobs/job_1767666518/output/contigs.fa' contents.
[02:28:39] Setting --locustag DPCDKLAI from MD5 d9cd45a2cfd805f55eea9b7ddc76233e
[02:28:39] Creating new output folder: /workspace/jobs/job_1767666518/output/prokka
[02:28:39] Running: mkdir -p \/workspace\/jobs\/job_1767666518\/output\/prokka
[02:28:39] Using filename prefix: genome.XXX
[02:28:39] Setting HMMER_NCPU=1
[02:28:39] Writing log to: /workspace/jobs/job_1767666518/output/prokka/genome.log
[02:28:39] Command: /prokka-1.15.6/bin/prokka --outdir /workspace/jobs/job_1767666518/output/prokka --force --prefix genome /workspace/jobs/job_1767666518/output/contigs.fa
[02:28:39] Looking for 'aragorn' - found /usr/bin/aragorn
[02:28:39] Determined aragorn version is v1.2 from 'ARAGORN v1.2.41 Dean Laslett'
[02:28:39] Looking for 'barrnap' - found /usr/bin/barrnap
[02:28:39] Determined barrnap version is v0.9 from 'barrnap 0.9'
[02:28:39] Looking for 'blastp' - found /usr/bin/blastp
[02:28:39] Determined blastp version is v2.12 from 'blastp: 2.12.0+'
[02:28:39] Looking for 'cmpress' - found /usr/bin/cmpress
[02:28:39] Determined cmpress version is v1.1 from '# INFERNAL 1.1.5 (Sep 2023)'
[02:28:39] Looking for 'cmscan' - found /usr/bin/cmscan
[02:28:39] Determined cmscan version is v1.1 from '# INFERNAL 1.1.5 (Sep 2023)'
[02:28:39] Looking for 'egrep' - found /usr/bin/egrep
[02:28:39] Looking for 'find' - found /usr/bin/find
[02:28:39] Looking for 'grep' - found /usr/bin/grep
[02:28:39] Looking for 'hmmpress' - found /usr/bin/hmmpress
[02:28:39] Determined hmmpress version is v3.4 from '# HMMER 3.4 (Aug 2023); http://hmmer.org/'
[02:28:39] Looking for 'hmmscan' - found /usr/bin/hmmscan
[02:28:39] Determined hmmscan version is v3.4 from '# HMMER 3.4 (Aug 2023); http://hmmer.org/'
[02:28:39] Looking for 'java' - found /usr/bin/java
[02:28:39] Looking for 'makeblastdb' - found /usr/bin/makeblastdb
[02:28:39] Determined makeblastdb version is v2.12 from 'makeblastdb: 2.12.0+'
[02:28:39] Looking for 'minced' - found /usr/local/bin/minced
[02:28:39] Determined minced version is v4.2 from 'minced 0.4.2'
[02:28:39] Looking for 'parallel' - found /usr/bin/parallel
[02:28:39] Determined parallel version is 20231122 from 'GNU parallel 20231122'
[02:28:39] Looking for 'prodigal' - found /usr/bin/prodigal
[02:28:39] Determined prodigal version is v2.6 from 'Prodigal V2.6.3: February, 2016'
[02:28:39] Looking for 'prokka-genbank_to_fasta_db' - found /prokka-1.15.6/bin/prokka-genbank_to_fasta_db
[02:28:39] Looking for 'sed' - found /usr/bin/sed
[02:28:39] Looking for 'tbl2asn' - found /usr/bin/tbl2asn
[02:28:39] Determined tbl2asn version is v25.3 from 'tbl2asn 25.3   arguments:'
[02:28:39] Using genetic code table 11.
[02:28:39] Loading and checking input file: /workspace/jobs/job_1767666518/output/contigs.fa
[02:28:39] Changing illegal '|' to '_' in sequence name: gi|9626243|ref|NC_001416.1|
[02:28:39] Wrote 1 contigs totalling 48502 bp.
[02:28:39] Predicting tRNAs and tmRNAs
[02:28:39] Running: aragorn -l -gc11  -w \/workspace\/jobs\/job_1767666518\/output\/prokka\/genome\.fna
[02:28:39] Found 0 tRNAs
[02:28:39] Predicting Ribosomal RNAs
[02:28:39] Running Barrnap with 8 threads
[02:28:39] Found 0 rRNAs
[02:28:39] Skipping ncRNA search, enable with --rfam if desired.
[02:28:39] Total of 0 tRNA + rRNA features
[02:28:39] Searching for CRISPR repeats
[02:28:40] Found 0 CRISPRs
[02:28:40] Predicting coding sequences
[02:28:40] Contigs total 48502 bp, so using single mode
[02:28:40] Running: prodigal -i \/workspace\/jobs\/job_1767666518\/output\/prokka\/genome\.fna -c -m -g 11 -p single -f sco -q
[02:28:40] Found 61 CDS
[02:28:40] Connecting features back to sequences
[02:28:40] Not using genus-specific database. Try --usegenus to enable it.
[02:28:40] Annotating CDS, please be patient.
[02:28:40] Will use 8 CPUs for similarity searching.
[02:28:40] There are still 61 unannotated CDS left (started with 61)
[02:28:40] Will use blast to search against /prokka-1.15.6/db/kingdom/Bacteria/IS with 8 CPUs
[02:28:40] Running: cat \/workspace\/jobs\/job_1767666518\/output\/prokka\/genome\.IS\.tmp\.1\.faa | parallel --gnu --plain -j 8 --block 861 --recstart '>' --pipe blastp -query - -db /prokka-1.15.6/db/kingdom/Bacteria/IS -evalue 1e-30 -qcov_hsp_perc 90 -num_threads 1 -num_descriptions 1 -num_alignments 1 -seg no > \/workspace\/jobs\/job_1767666518\/output\/prokka\/genome\.IS\.tmp\.1\.blast 2> /dev/null
[02:28:40] Deleting unwanted file: /workspace/jobs/job_1767666518/output/prokka/genome.IS.tmp.1.faa
[02:28:40] Deleting unwanted file: /workspace/jobs/job_1767666518/output/prokka/genome.IS.tmp.1.blast
[02:28:40] There are still 61 unannotated CDS left (started with 61)
[02:28:40] Will use blast to search against /prokka-1.15.6/db/kingdom/Bacteria/AMR with 8 CPUs
[02:28:40] Running: cat \/workspace\/jobs\/job_1767666518\/output\/prokka\/genome\.AMR\.tmp\.1\.faa | parallel --gnu --plain -j 8 --block 861 --recstart '>' --pipe blastp -query - -db /prokka-1.15.6/db/kingdom/Bacteria/AMR -evalue 1e-300 -qcov_hsp_perc 90 -num_threads 1 -num_descriptions 1 -num_alignments 1 -seg no > \/workspace\/jobs\/job_1767666518\/output\/prokka\/genome\.AMR\.tmp\.1\.blast 2> /dev/null
[02:28:41] Deleting unwanted file: /workspace/jobs/job_1767666518/output/prokka/genome.AMR.tmp.1.faa
[02:28:41] Deleting unwanted file: /workspace/jobs/job_1767666518/output/prokka/genome.AMR.tmp.1.blast
[02:28:41] There are still 61 unannotated CDS left (started with 61)
[02:28:41] Will use blast to search against /prokka-1.15.6/db/kingdom/Bacteria/sprot with 8 CPUs
[02:28:41] Running: cat \/workspace\/jobs\/job_1767666518\/output\/prokka\/genome\.sprot\.tmp\.1\.faa | parallel --gnu --plain -j 8 --block 861 --recstart '>' --pipe blastp -query - -db /prokka-1.15.6/db/kingdom/Bacteria/sprot -evalue 1e-09 -qcov_hsp_perc 80 -num_threads 1 -num_descriptions 1 -num_alignments 1 -seg no > \/workspace\/jobs\/job_1767666518\/output\/prokka\/genome\.sprot\.tmp\.1\.blast 2> /dev/null
[02:28:42] Modify product: Prophage tail fiber assembly protein homolog TfaE => Prophage tail fiber assembly protein TfaE
[02:28:42] Cleaned 1 /product names
[02:28:42] Deleting unwanted file: /workspace/jobs/job_1767666518/output/prokka/genome.sprot.tmp.1.faa
[02:28:42] Deleting unwanted file: /workspace/jobs/job_1767666518/output/prokka/genome.sprot.tmp.1.blast
[02:28:42] There are still 57 unannotated CDS left (started with 61)
[02:28:42] Will use hmmer3 to search against /prokka-1.15.6/db/hmm/HAMAP.hmm with 8 CPUs
[02:28:42] Running: cat \/workspace\/jobs\/job_1767666518\/output\/prokka\/genome\.HAMAP\.hmm\.tmp\.1\.faa | parallel --gnu --plain -j 8 --block 810 --recstart '>' --pipe hmmscan --noali --notextw --acc -E 1e-09 --cpu 1 /prokka-1.15.6/db/hmm/HAMAP.hmm /dev/stdin > \/workspace\/jobs\/job_1767666518\/output\/prokka\/genome\.HAMAP\.hmm\.tmp\.1\.hmmer3 2> /dev/null
[02:28:43] Deleting unwanted file: /workspace/jobs/job_1767666518/output/prokka/genome.HAMAP.hmm.tmp.1.faa
[02:28:43] Deleting unwanted file: /workspace/jobs/job_1767666518/output/prokka/genome.HAMAP.hmm.tmp.1.hmmer3
[02:28:43] Labelling remaining 56 proteins as 'hypothetical protein'
[02:28:43] Found 5 unique /gene codes.
[02:28:43] Fixed 0 colliding /gene names.
[02:28:43] Adding /locus_tag identifiers
[02:28:43] Assigned 61 locus_tags to CDS and RNA features.
[02:28:43] Writing outputs to /workspace/jobs/job_1767666518/output/prokka/
[02:28:43] Generating annotation statistics file
[02:28:43] Generating Genbank and Sequin files
[02:28:43] Running: tbl2asn -V b -a r10k -l paired-ends -M n -N 1 -y 'Annotated using prokka 1.15.6 from https://github.com/tseemann/prokka' -Z \/workspace\/jobs\/job_1767666518\/output\/prokka\/genome\.err -i \/workspace\/jobs\/job_1767666518\/output\/prokka\/genome\.fsa 2> /dev/null
[02:28:43] Deleting unwanted file: /workspace/jobs/job_1767666518/output/prokka/errorsummary.val
[02:28:43] Deleting unwanted file: /workspace/jobs/job_1767666518/output/prokka/genome.dr
[02:28:43] Deleting unwanted file: /workspace/jobs/job_1767666518/output/prokka/genome.fixedproducts
[02:28:43] Deleting unwanted file: /workspace/jobs/job_1767666518/output/prokka/genome.ecn
[02:28:43] Deleting unwanted file: /workspace/jobs/job_1767666518/output/prokka/genome.val
[02:28:43] Repairing broken .GBK output that tbl2asn produces...
[02:28:43] Running: sed 's/COORDINATES: profile/COORDINATES:profile/' < \/workspace\/jobs\/job_1767666518\/output\/prokka\/genome\.gbf > \/workspace\/jobs\/job_1767666518\/output\/prokka\/genome\.gbk
[02:28:43] Deleting unwanted file: /workspace/jobs/job_1767666518/output/prokka/genome.gbf
[02:28:43] Output files:
[02:28:43] /workspace/jobs/job_1767666518/output/prokka/genome.ffn
[02:28:43] /workspace/jobs/job_1767666518/output/prokka/genome.tbl
[02:28:43] /workspace/jobs/job_1767666518/output/prokka/genome.err
[02:28:43] /workspace/jobs/job_1767666518/output/prokka/genome.sqn
[02:28:43] /workspace/jobs/job_1767666518/output/prokka/genome.fsa
[02:28:43] /workspace/jobs/job_1767666518/output/prokka/genome.gbk
[02:28:43] /workspace/jobs/job_1767666518/output/prokka/genome.faa
[02:28:43] /workspace/jobs/job_1767666518/output/prokka/genome.log
[02:28:43] /workspace/jobs/job_1767666518/output/prokka/genome.gff
[02:28:43] /workspace/jobs/job_1767666518/output/prokka/genome.fna
[02:28:43] /workspace/jobs/job_1767666518/output/prokka/genome.txt
[02:28:43] /workspace/jobs/job_1767666518/output/prokka/genome.tsv
[02:28:43] Annotation finished successfully.
[02:28:43] Walltime used: 0.07 minutes
[02:28:43] If you use this result please cite the Prokka paper:
[02:28:43] Seemann T (2014) Prokka: rapid prokaryotic genome annotation. Bioinformatics. 30(14):2068-9.
[02:28:43] Type 'prokka --citation' for more details.
[02:28:43] Thank you, come again.
