[02:36:16] This is prokka 1.15.6
[02:36:16] Written by Torsten Seemann <torsten.seemann@gmail.com>
[02:36:16] Homepage is https://github.com/tseemann/prokka
[02:36:16] Local time is Tue Jan  6 02:36:16 2026
[02:36:16] You are not telling me who you are!
[02:36:16] Operating system is linux
[02:36:16] You have BioPerl 1.7.8
[02:36:16] System has 12 cores.
[02:36:16] Will use maximum of 8 cores.
[02:36:16] Annotating as >>> Bacteria <<<
[02:36:16] Generating locus_tag from '/workspace/jobs/job_1767666976/output/contigs.fa' contents.
[02:36:16] Setting --locustag DPCDKLAI from MD5 d9cd45a2cfd805f55eea9b7ddc76233e
[02:36:16] Creating new output folder: /workspace/jobs/job_1767666976/output/prokka
[02:36:16] Running: mkdir -p \/workspace\/jobs\/job_1767666976\/output\/prokka
[02:36:16] Using filename prefix: genome.XXX
[02:36:16] Setting HMMER_NCPU=1
[02:36:16] Writing log to: /workspace/jobs/job_1767666976/output/prokka/genome.log
[02:36:16] Command: /prokka-1.15.6/bin/prokka --outdir /workspace/jobs/job_1767666976/output/prokka --force --prefix genome /workspace/jobs/job_1767666976/output/contigs.fa
[02:36:16] Looking for 'aragorn' - found /usr/bin/aragorn
[02:36:16] Determined aragorn version is v1.2 from 'ARAGORN v1.2.41 Dean Laslett'
[02:36:16] Looking for 'barrnap' - found /usr/bin/barrnap
[02:36:16] Determined barrnap version is v0.9 from 'barrnap 0.9'
[02:36:16] Looking for 'blastp' - found /usr/bin/blastp
[02:36:16] Determined blastp version is v2.12 from 'blastp: 2.12.0+'
[02:36:16] Looking for 'cmpress' - found /usr/bin/cmpress
[02:36:16] Determined cmpress version is v1.1 from '# INFERNAL 1.1.5 (Sep 2023)'
[02:36:16] Looking for 'cmscan' - found /usr/bin/cmscan
[02:36:17] Determined cmscan version is v1.1 from '# INFERNAL 1.1.5 (Sep 2023)'
[02:36:17] Looking for 'egrep' - found /usr/bin/egrep
[02:36:17] Looking for 'find' - found /usr/bin/find
[02:36:17] Looking for 'grep' - found /usr/bin/grep
[02:36:17] Looking for 'hmmpress' - found /usr/bin/hmmpress
[02:36:17] Determined hmmpress version is v3.4 from '# HMMER 3.4 (Aug 2023); http://hmmer.org/'
[02:36:17] Looking for 'hmmscan' - found /usr/bin/hmmscan
[02:36:17] Determined hmmscan version is v3.4 from '# HMMER 3.4 (Aug 2023); http://hmmer.org/'
[02:36:17] Looking for 'java' - found /usr/bin/java
[02:36:17] Looking for 'makeblastdb' - found /usr/bin/makeblastdb
[02:36:17] Determined makeblastdb version is v2.12 from 'makeblastdb: 2.12.0+'
[02:36:17] Looking for 'minced' - found /usr/local/bin/minced
[02:36:17] Determined minced version is v4.2 from 'minced 0.4.2'
[02:36:17] Looking for 'parallel' - found /usr/bin/parallel
[02:36:17] Determined parallel version is 20231122 from 'GNU parallel 20231122'
[02:36:17] Looking for 'prodigal' - found /usr/bin/prodigal
[02:36:17] Determined prodigal version is v2.6 from 'Prodigal V2.6.3: February, 2016'
[02:36:17] Looking for 'prokka-genbank_to_fasta_db' - found /prokka-1.15.6/bin/prokka-genbank_to_fasta_db
[02:36:17] Looking for 'sed' - found /usr/bin/sed
[02:36:17] Looking for 'tbl2asn' - found /usr/bin/tbl2asn
[02:36:17] Determined tbl2asn version is v25.3 from 'tbl2asn 25.3   arguments:'
[02:36:17] Using genetic code table 11.
[02:36:17] Loading and checking input file: /workspace/jobs/job_1767666976/output/contigs.fa
[02:36:17] Changing illegal '|' to '_' in sequence name: gi|9626243|ref|NC_001416.1|
[02:36:17] Wrote 1 contigs totalling 48502 bp.
[02:36:17] Predicting tRNAs and tmRNAs
[02:36:17] Running: aragorn -l -gc11  -w \/workspace\/jobs\/job_1767666976\/output\/prokka\/genome\.fna
[02:36:17] Found 0 tRNAs
[02:36:17] Predicting Ribosomal RNAs
[02:36:17] Running Barrnap with 8 threads
[02:36:17] Found 0 rRNAs
[02:36:17] Skipping ncRNA search, enable with --rfam if desired.
[02:36:17] Total of 0 tRNA + rRNA features
[02:36:17] Searching for CRISPR repeats
[02:36:17] Found 0 CRISPRs
[02:36:17] Predicting coding sequences
[02:36:17] Contigs total 48502 bp, so using single mode
[02:36:17] Running: prodigal -i \/workspace\/jobs\/job_1767666976\/output\/prokka\/genome\.fna -c -m -g 11 -p single -f sco -q
[02:36:17] Found 61 CDS
[02:36:17] Connecting features back to sequences
[02:36:17] Not using genus-specific database. Try --usegenus to enable it.
[02:36:17] Annotating CDS, please be patient.
[02:36:17] Will use 8 CPUs for similarity searching.
[02:36:17] There are still 61 unannotated CDS left (started with 61)
[02:36:17] Will use blast to search against /prokka-1.15.6/db/kingdom/Bacteria/IS with 8 CPUs
[02:36:17] Running: cat \/workspace\/jobs\/job_1767666976\/output\/prokka\/genome\.IS\.tmp\.1\.faa | parallel --gnu --plain -j 8 --block 861 --recstart '>' --pipe blastp -query - -db /prokka-1.15.6/db/kingdom/Bacteria/IS -evalue 1e-30 -qcov_hsp_perc 90 -num_threads 1 -num_descriptions 1 -num_alignments 1 -seg no > \/workspace\/jobs\/job_1767666976\/output\/prokka\/genome\.IS\.tmp\.1\.blast 2> /dev/null
[02:36:18] Deleting unwanted file: /workspace/jobs/job_1767666976/output/prokka/genome.IS.tmp.1.faa
[02:36:18] Deleting unwanted file: /workspace/jobs/job_1767666976/output/prokka/genome.IS.tmp.1.blast
[02:36:18] There are still 61 unannotated CDS left (started with 61)
[02:36:18] Will use blast to search against /prokka-1.15.6/db/kingdom/Bacteria/AMR with 8 CPUs
[02:36:18] Running: cat \/workspace\/jobs\/job_1767666976\/output\/prokka\/genome\.AMR\.tmp\.1\.faa | parallel --gnu --plain -j 8 --block 861 --recstart '>' --pipe blastp -query - -db /prokka-1.15.6/db/kingdom/Bacteria/AMR -evalue 1e-300 -qcov_hsp_perc 90 -num_threads 1 -num_descriptions 1 -num_alignments 1 -seg no > \/workspace\/jobs\/job_1767666976\/output\/prokka\/genome\.AMR\.tmp\.1\.blast 2> /dev/null
[02:36:18] Deleting unwanted file: /workspace/jobs/job_1767666976/output/prokka/genome.AMR.tmp.1.faa
[02:36:18] Deleting unwanted file: /workspace/jobs/job_1767666976/output/prokka/genome.AMR.tmp.1.blast
[02:36:18] There are still 61 unannotated CDS left (started with 61)
[02:36:18] Will use blast to search against /prokka-1.15.6/db/kingdom/Bacteria/sprot with 8 CPUs
[02:36:18] Running: cat \/workspace\/jobs\/job_1767666976\/output\/prokka\/genome\.sprot\.tmp\.1\.faa | parallel --gnu --plain -j 8 --block 861 --recstart '>' --pipe blastp -query - -db /prokka-1.15.6/db/kingdom/Bacteria/sprot -evalue 1e-09 -qcov_hsp_perc 80 -num_threads 1 -num_descriptions 1 -num_alignments 1 -seg no > \/workspace\/jobs\/job_1767666976\/output\/prokka\/genome\.sprot\.tmp\.1\.blast 2> /dev/null
[02:36:19] Modify product: Prophage tail fiber assembly protein homolog TfaE => Prophage tail fiber assembly protein TfaE
[02:36:19] Cleaned 1 /product names
[02:36:19] Deleting unwanted file: /workspace/jobs/job_1767666976/output/prokka/genome.sprot.tmp.1.faa
[02:36:19] Deleting unwanted file: /workspace/jobs/job_1767666976/output/prokka/genome.sprot.tmp.1.blast
[02:36:19] There are still 57 unannotated CDS left (started with 61)
[02:36:19] Will use hmmer3 to search against /prokka-1.15.6/db/hmm/HAMAP.hmm with 8 CPUs
[02:36:19] Running: cat \/workspace\/jobs\/job_1767666976\/output\/prokka\/genome\.HAMAP\.hmm\.tmp\.1\.faa | parallel --gnu --plain -j 8 --block 810 --recstart '>' --pipe hmmscan --noali --notextw --acc -E 1e-09 --cpu 1 /prokka-1.15.6/db/hmm/HAMAP.hmm /dev/stdin > \/workspace\/jobs\/job_1767666976\/output\/prokka\/genome\.HAMAP\.hmm\.tmp\.1\.hmmer3 2> /dev/null
[02:36:20] Deleting unwanted file: /workspace/jobs/job_1767666976/output/prokka/genome.HAMAP.hmm.tmp.1.faa
[02:36:20] Deleting unwanted file: /workspace/jobs/job_1767666976/output/prokka/genome.HAMAP.hmm.tmp.1.hmmer3
[02:36:20] Labelling remaining 56 proteins as 'hypothetical protein'
[02:36:20] Found 5 unique /gene codes.
[02:36:20] Fixed 0 colliding /gene names.
[02:36:20] Adding /locus_tag identifiers
[02:36:20] Assigned 61 locus_tags to CDS and RNA features.
[02:36:20] Writing outputs to /workspace/jobs/job_1767666976/output/prokka/
[02:36:20] Generating annotation statistics file
[02:36:20] Generating Genbank and Sequin files
[02:36:20] Running: tbl2asn -V b -a r10k -l paired-ends -M n -N 1 -y 'Annotated using prokka 1.15.6 from https://github.com/tseemann/prokka' -Z \/workspace\/jobs\/job_1767666976\/output\/prokka\/genome\.err -i \/workspace\/jobs\/job_1767666976\/output\/prokka\/genome\.fsa 2> /dev/null
[02:36:21] Deleting unwanted file: /workspace/jobs/job_1767666976/output/prokka/errorsummary.val
[02:36:21] Deleting unwanted file: /workspace/jobs/job_1767666976/output/prokka/genome.dr
[02:36:21] Deleting unwanted file: /workspace/jobs/job_1767666976/output/prokka/genome.fixedproducts
[02:36:21] Deleting unwanted file: /workspace/jobs/job_1767666976/output/prokka/genome.ecn
[02:36:21] Deleting unwanted file: /workspace/jobs/job_1767666976/output/prokka/genome.val
[02:36:21] Repairing broken .GBK output that tbl2asn produces...
[02:36:21] Running: sed 's/COORDINATES: profile/COORDINATES:profile/' < \/workspace\/jobs\/job_1767666976\/output\/prokka\/genome\.gbf > \/workspace\/jobs\/job_1767666976\/output\/prokka\/genome\.gbk
[02:36:21] Deleting unwanted file: /workspace/jobs/job_1767666976/output/prokka/genome.gbf
[02:36:21] Output files:
[02:36:21] /workspace/jobs/job_1767666976/output/prokka/genome.ffn
[02:36:21] /workspace/jobs/job_1767666976/output/prokka/genome.tbl
[02:36:21] /workspace/jobs/job_1767666976/output/prokka/genome.err
[02:36:21] /workspace/jobs/job_1767666976/output/prokka/genome.sqn
[02:36:21] /workspace/jobs/job_1767666976/output/prokka/genome.fsa
[02:36:21] /workspace/jobs/job_1767666976/output/prokka/genome.gbk
[02:36:21] /workspace/jobs/job_1767666976/output/prokka/genome.faa
[02:36:21] /workspace/jobs/job_1767666976/output/prokka/genome.log
[02:36:21] /workspace/jobs/job_1767666976/output/prokka/genome.gff
[02:36:21] /workspace/jobs/job_1767666976/output/prokka/genome.fna
[02:36:21] /workspace/jobs/job_1767666976/output/prokka/genome.txt
[02:36:21] /workspace/jobs/job_1767666976/output/prokka/genome.tsv
[02:36:21] Annotation finished successfully.
[02:36:21] Walltime used: 0.08 minutes
[02:36:21] If you use this result please cite the Prokka paper:
[02:36:21] Seemann T (2014) Prokka: rapid prokaryotic genome annotation. Bioinformatics. 30(14):2068-9.
[02:36:21] Type 'prokka --citation' for more details.
[02:36:21] Share and enjoy!
