/quast-5.3.0/quast.py /workspace/jobs/job_1767665634/output/contigs.fa -o /workspace/jobs/job_1767665634/output/quast

Version: 5.3.0

System information:
  OS: Linux-6.12.57+deb13-amd64-x86_64-with-glibc2.35 (linux_64)
  Python version: 3.10.12
  CPUs number: 12

Started: 2026-01-05 21:14:42

Logging to /workspace/jobs/job_1767665634/output/quast/quast.log
NOTICE: Maximum number of threads is set to 3 (use --threads option to set it manually)

CWD: /workspace
Main parameters: 
  MODE: default, threads: 3, min contig length: 500, min alignment length: 65, min alignment IDY: 95.0, \
  ambiguity: one, min local misassembly length: 200, min extensive misassembly length: 1000

Contigs:
  Pre-processing...
  /workspace/jobs/job_1767665634/output/contigs.fa ==> contigs

2026-01-05 21:14:43
Running Basic statistics processor...
  Contig files: 
    contigs
  Calculating N50 and L50...
    contigs, N50 = 41341, L50 = 2, auN = 33578.9, Total length = 167982, GC % = 63.44, # N's per 100 kbp =  0.00
  Drawing Nx plot...
    saved to /workspace/jobs/job_1767665634/output/quast/basic_stats/Nx_plot.pdf
  Drawing cumulative plot...
    saved to /workspace/jobs/job_1767665634/output/quast/basic_stats/cumulative_plot.pdf
  Drawing GC content plot...
    saved to /workspace/jobs/job_1767665634/output/quast/basic_stats/GC_content_plot.pdf
  Drawing contigs GC content plot...
    saved to /workspace/jobs/job_1767665634/output/quast/basic_stats/contigs_GC_content_plot.pdf
Done.

NOTICE: Genes are not predicted by default. Use --gene-finding or --glimmer option to enable it.

2026-01-05 21:14:44
Creating large visual summaries...
This may take a while: press Ctrl-C to skip this step..
  1 of 2: Creating PDF with all tables and plots...
  2 of 2: Creating Icarus viewers...
Done

2026-01-05 21:14:44
RESULTS:
  Text versions of total report are saved to /workspace/jobs/job_1767665634/output/quast/report.txt, report.tsv, and report.tex
  Text versions of transposed total report are saved to /workspace/jobs/job_1767665634/output/quast/transposed_report.txt, transposed_report.tsv, and transposed_report.tex
  HTML version (interactive tables and plots) is saved to /workspace/jobs/job_1767665634/output/quast/report.html
  PDF version (tables and plots) is saved to /workspace/jobs/job_1767665634/output/quast/report.pdf
  Icarus (contig browser) is saved to /workspace/jobs/job_1767665634/output/quast/icarus.html
  Log is saved to /workspace/jobs/job_1767665634/output/quast/quast.log

Finished: 2026-01-05 21:14:44
Elapsed time: 0:00:01.595883
NOTICEs: 2; WARNINGs: 0; non-fatal ERRORs: 0

Thank you for using QUAST!
